2023-12-28 13:32:37,014 KMT2D - A timeout occurred on page download: Message: 
Stacktrace:
0   chromedriver                        0x00000001005d44dc chromedriver + 4162780
1   chromedriver                        0x00000001005cc664 chromedriver + 4130404
2   chromedriver                        0x0000000100223bc0 chromedriver + 293824
3   chromedriver                        0x000000010020c0d8 chromedriver + 196824
4   chromedriver                        0x0000000100209e84 chromedriver + 188036
5   chromedriver                        0x000000010020ab30 chromedriver + 191280
6   chromedriver                        0x00000001002325c4 chromedriver + 353732
7   chromedriver                        0x0000000100229af0 chromedriver + 318192
8   chromedriver                        0x000000010022817c chromedriver + 311676
9   chromedriver                        0x000000010022b13c chromedriver + 323900
10  chromedriver                        0x000000010022b278 chromedriver + 324216
11  chromedriver                        0x0000000100264ca0 chromedriver + 560288
12  chromedriver                        0x000000010025f250 chromedriver + 537168
13  chromedriver                        0x00000001002a9ab0 chromedriver + 842416
14  chromedriver                        0x000000010025d6bc chromedriver + 530108
15  chromedriver                        0x000000010025e930 chromedriver + 534832
16  chromedriver                        0x0000000100599e08 chromedriver + 3923464
17  chromedriver                        0x000000010059e3dc chromedriver + 3941340
18  chromedriver                        0x0000000100582038 chromedriver + 3825720
19  chromedriver                        0x000000010059ef3c chromedriver + 3944252
20  chromedriver                        0x00000001005746f4 chromedriver + 3770100
21  chromedriver                        0x00000001005bb980 chromedriver + 4061568
22  chromedriver                        0x00000001005bbaf8 chromedriver + 4061944
23  chromedriver                        0x00000001005cc2e4 chromedriver + 4129508
24  libsystem_pthread.dylib             0x000000018acb6034 _pthread_start + 136
25  libsystem_pthread.dylib             0x000000018acb0e3c thread_start + 8

2023-12-28 13:57:15,023 UBR5 - A timeout occurred on page download: Message: 

2023-12-28 14:53:23,594 P2RY8 - A timeout occurred on page download: Message: 
Stacktrace:
0   chromedriver                        0x00000001005d44dc chromedriver + 4162780
1   chromedriver                        0x00000001005cc664 chromedriver + 4130404
2   chromedriver                        0x0000000100223bc0 chromedriver + 293824
3   chromedriver                        0x000000010020c0d8 chromedriver + 196824
4   chromedriver                        0x0000000100209e84 chromedriver + 188036
5   chromedriver                        0x000000010020ab30 chromedriver + 191280
6   chromedriver                        0x00000001002325c4 chromedriver + 353732
7   chromedriver                        0x0000000100229af0 chromedriver + 318192
8   chromedriver                        0x000000010022817c chromedriver + 311676
9   chromedriver                        0x000000010022b13c chromedriver + 323900
10  chromedriver                        0x000000010022b278 chromedriver + 324216
11  chromedriver                        0x0000000100264ca0 chromedriver + 560288
12  chromedriver                        0x000000010025f250 chromedriver + 537168
13  chromedriver                        0x00000001002a9ab0 chromedriver + 842416
14  chromedriver                        0x000000010025d6bc chromedriver + 530108
15  chromedriver                        0x000000010025e930 chromedriver + 534832
16  chromedriver                        0x0000000100599e08 chromedriver + 3923464
17  chromedriver                        0x000000010059e3dc chromedriver + 3941340
18  chromedriver                        0x0000000100582038 chromedriver + 3825720
19  chromedriver                        0x000000010059ef3c chromedriver + 3944252
20  chromedriver                        0x00000001005746f4 chromedriver + 3770100
21  chromedriver                        0x00000001005bb980 chromedriver + 4061568
22  chromedriver                        0x00000001005bbaf8 chromedriver + 4061944
23  chromedriver                        0x00000001005cc2e4 chromedriver + 4129508
24  libsystem_pthread.dylib             0x000000018acb6034 _pthread_start + 136
25  libsystem_pthread.dylib             0x000000018acb0e3c thread_start + 8

2023-12-28 15:04:46,123 CIITA - A timeout occurred on page download: Message: 
Stacktrace:
0   chromedriver                        0x00000001005d44dc chromedriver + 4162780
1   chromedriver                        0x00000001005cc664 chromedriver + 4130404
2   chromedriver                        0x0000000100223bc0 chromedriver + 293824
3   chromedriver                        0x000000010020c0d8 chromedriver + 196824
4   chromedriver                        0x0000000100209e84 chromedriver + 188036
5   chromedriver                        0x000000010020ab30 chromedriver + 191280
6   chromedriver                        0x00000001002325c4 chromedriver + 353732
7   chromedriver                        0x0000000100229af0 chromedriver + 318192
8   chromedriver                        0x000000010022817c chromedriver + 311676
9   chromedriver                        0x000000010022b13c chromedriver + 323900
10  chromedriver                        0x000000010022b278 chromedriver + 324216
11  chromedriver                        0x0000000100264ca0 chromedriver + 560288
12  chromedriver                        0x000000010025f250 chromedriver + 537168
13  chromedriver                        0x00000001002a9ab0 chromedriver + 842416
14  chromedriver                        0x000000010025d6bc chromedriver + 530108
15  chromedriver                        0x000000010025e930 chromedriver + 534832
16  chromedriver                        0x0000000100599e08 chromedriver + 3923464
17  chromedriver                        0x000000010059e3dc chromedriver + 3941340
18  chromedriver                        0x0000000100582038 chromedriver + 3825720
19  chromedriver                        0x000000010059ef3c chromedriver + 3944252
20  chromedriver                        0x00000001005746f4 chromedriver + 3770100
21  chromedriver                        0x00000001005bb980 chromedriver + 4061568
22  chromedriver                        0x00000001005bbaf8 chromedriver + 4061944
23  chromedriver                        0x00000001005cc2e4 chromedriver + 4129508
24  libsystem_pthread.dylib             0x000000018acb6034 _pthread_start + 136
25  libsystem_pthread.dylib             0x000000018acb0e3c thread_start + 8

2023-12-28 15:14:52,923 PMS2 - A timeout occurred on page download: Message: 
Stacktrace:
0   chromedriver                        0x00000001005d44dc chromedriver + 4162780
1   chromedriver                        0x00000001005cc664 chromedriver + 4130404
2   chromedriver                        0x0000000100223bc0 chromedriver + 293824
3   chromedriver                        0x000000010020c0d8 chromedriver + 196824
4   chromedriver                        0x0000000100209e84 chromedriver + 188036
5   chromedriver                        0x000000010020ab30 chromedriver + 191280
6   chromedriver                        0x00000001002325c4 chromedriver + 353732
7   chromedriver                        0x0000000100229af0 chromedriver + 318192
8   chromedriver                        0x000000010022817c chromedriver + 311676
9   chromedriver                        0x000000010022b13c chromedriver + 323900
10  chromedriver                        0x000000010022b278 chromedriver + 324216
11  chromedriver                        0x0000000100264ca0 chromedriver + 560288
12  chromedriver                        0x000000010025f250 chromedriver + 537168
13  chromedriver                        0x00000001002a9ab0 chromedriver + 842416
14  chromedriver                        0x000000010025d6bc chromedriver + 530108
15  chromedriver                        0x000000010025e930 chromedriver + 534832
16  chromedriver                        0x0000000100599e08 chromedriver + 3923464
17  chromedriver                        0x000000010059e3dc chromedriver + 3941340
18  chromedriver                        0x0000000100582038 chromedriver + 3825720
19  chromedriver                        0x000000010059ef3c chromedriver + 3944252
20  chromedriver                        0x00000001005746f4 chromedriver + 3770100
21  chromedriver                        0x00000001005bb980 chromedriver + 4061568
22  chromedriver                        0x00000001005bbaf8 chromedriver + 4061944
23  chromedriver                        0x00000001005cc2e4 chromedriver + 4129508
24  libsystem_pthread.dylib             0x000000018acb6034 _pthread_start + 136
25  libsystem_pthread.dylib             0x000000018acb0e3c thread_start + 8

2023-12-28 15:26:42,239 PRCC - A timeout occurred on page download: Message: 
Stacktrace:
0   chromedriver                        0x00000001005d44dc chromedriver + 4162780
1   chromedriver                        0x00000001005cc664 chromedriver + 4130404
2   chromedriver                        0x0000000100223bc0 chromedriver + 293824
3   chromedriver                        0x000000010020c0d8 chromedriver + 196824
4   chromedriver                        0x0000000100209e84 chromedriver + 188036
5   chromedriver                        0x000000010020ab30 chromedriver + 191280
6   chromedriver                        0x00000001002325c4 chromedriver + 353732
7   chromedriver                        0x0000000100229af0 chromedriver + 318192
8   chromedriver                        0x000000010022817c chromedriver + 311676
9   chromedriver                        0x000000010022b13c chromedriver + 323900
10  chromedriver                        0x000000010022b278 chromedriver + 324216
11  chromedriver                        0x0000000100264ca0 chromedriver + 560288
12  chromedriver                        0x000000010025f250 chromedriver + 537168
13  chromedriver                        0x00000001002a9ab0 chromedriver + 842416
14  chromedriver                        0x000000010025d6bc chromedriver + 530108
15  chromedriver                        0x000000010025e930 chromedriver + 534832
16  chromedriver                        0x0000000100599e08 chromedriver + 3923464
17  chromedriver                        0x000000010059e3dc chromedriver + 3941340
18  chromedriver                        0x0000000100582038 chromedriver + 3825720
19  chromedriver                        0x000000010059ef3c chromedriver + 3944252
20  chromedriver                        0x00000001005746f4 chromedriver + 3770100
21  chromedriver                        0x00000001005bb980 chromedriver + 4061568
22  chromedriver                        0x00000001005bbaf8 chromedriver + 4061944
23  chromedriver                        0x00000001005cc2e4 chromedriver + 4129508
24  libsystem_pthread.dylib             0x000000018acb6034 _pthread_start + 136
25  libsystem_pthread.dylib             0x000000018acb0e3c thread_start + 8

