2023-12-29 01:18:19,483 ATM - A timeout occurred on page download: Message: 
Stacktrace:
0   chromedriver                        0x00000001052a04dc chromedriver + 4162780
1   chromedriver                        0x0000000105298664 chromedriver + 4130404
2   chromedriver                        0x0000000104eefbc0 chromedriver + 293824
3   chromedriver                        0x0000000104ed80d8 chromedriver + 196824
4   chromedriver                        0x0000000104ed5e84 chromedriver + 188036
5   chromedriver                        0x0000000104ed6b30 chromedriver + 191280
6   chromedriver                        0x0000000104efe5c4 chromedriver + 353732
7   chromedriver                        0x0000000104ef5af0 chromedriver + 318192
8   chromedriver                        0x0000000104ef417c chromedriver + 311676
9   chromedriver                        0x0000000104ef713c chromedriver + 323900
10  chromedriver                        0x0000000104ef7278 chromedriver + 324216
11  chromedriver                        0x0000000104f30ca0 chromedriver + 560288
12  chromedriver                        0x0000000104f2b250 chromedriver + 537168
13  chromedriver                        0x0000000104f75ab0 chromedriver + 842416
14  chromedriver                        0x0000000104f296bc chromedriver + 530108
15  chromedriver                        0x0000000104f2a930 chromedriver + 534832
16  chromedriver                        0x0000000105265e08 chromedriver + 3923464
17  chromedriver                        0x000000010526a3dc chromedriver + 3941340
18  chromedriver                        0x000000010524e038 chromedriver + 3825720
19  chromedriver                        0x000000010526af3c chromedriver + 3944252
20  chromedriver                        0x00000001052406f4 chromedriver + 3770100
21  chromedriver                        0x0000000105287980 chromedriver + 4061568
22  chromedriver                        0x0000000105287af8 chromedriver + 4061944
23  chromedriver                        0x00000001052982e4 chromedriver + 4129508
24  libsystem_pthread.dylib             0x000000018acb6034 _pthread_start + 136
25  libsystem_pthread.dylib             0x000000018acb0e3c thread_start + 8

2023-12-29 01:26:39,364 PIK3CA - A timeout occurred on page download: Message: 
Stacktrace:
0   chromedriver                        0x00000001052a04dc chromedriver + 4162780
1   chromedriver                        0x0000000105298664 chromedriver + 4130404
2   chromedriver                        0x0000000104eefbc0 chromedriver + 293824
3   chromedriver                        0x0000000104ed80d8 chromedriver + 196824
4   chromedriver                        0x0000000104ed5e84 chromedriver + 188036
5   chromedriver                        0x0000000104ed6b30 chromedriver + 191280
6   chromedriver                        0x0000000104efe5c4 chromedriver + 353732
7   chromedriver                        0x0000000104ef5af0 chromedriver + 318192
8   chromedriver                        0x0000000104ef417c chromedriver + 311676
9   chromedriver                        0x0000000104ef713c chromedriver + 323900
10  chromedriver                        0x0000000104ef7278 chromedriver + 324216
11  chromedriver                        0x0000000104f30ca0 chromedriver + 560288
12  chromedriver                        0x0000000104f2b250 chromedriver + 537168
13  chromedriver                        0x0000000104f75ab0 chromedriver + 842416
14  chromedriver                        0x0000000104f296bc chromedriver + 530108
15  chromedriver                        0x0000000104f2a930 chromedriver + 534832
16  chromedriver                        0x0000000105265e08 chromedriver + 3923464
17  chromedriver                        0x000000010526a3dc chromedriver + 3941340
18  chromedriver                        0x000000010524e038 chromedriver + 3825720
19  chromedriver                        0x000000010526af3c chromedriver + 3944252
20  chromedriver                        0x00000001052406f4 chromedriver + 3770100
21  chromedriver                        0x0000000105287980 chromedriver + 4061568
22  chromedriver                        0x0000000105287af8 chromedriver + 4061944
23  chromedriver                        0x00000001052982e4 chromedriver + 4129508
24  libsystem_pthread.dylib             0x000000018acb6034 _pthread_start + 136
25  libsystem_pthread.dylib             0x000000018acb0e3c thread_start + 8

2023-12-29 01:36:18,722 PTPRC - A timeout occurred on page download: Message: 
Stacktrace:
0   chromedriver                        0x00000001052a04dc chromedriver + 4162780
1   chromedriver                        0x0000000105298664 chromedriver + 4130404
2   chromedriver                        0x0000000104eefbc0 chromedriver + 293824
3   chromedriver                        0x0000000104ed80d8 chromedriver + 196824
4   chromedriver                        0x0000000104ed5e84 chromedriver + 188036
5   chromedriver                        0x0000000104ed6b30 chromedriver + 191280
6   chromedriver                        0x0000000104efe5c4 chromedriver + 353732
7   chromedriver                        0x0000000104ef5af0 chromedriver + 318192
8   chromedriver                        0x0000000104ef417c chromedriver + 311676
9   chromedriver                        0x0000000104ef713c chromedriver + 323900
10  chromedriver                        0x0000000104ef7278 chromedriver + 324216
11  chromedriver                        0x0000000104f30ca0 chromedriver + 560288
12  chromedriver                        0x0000000104f2b250 chromedriver + 537168
13  chromedriver                        0x0000000104f75ab0 chromedriver + 842416
14  chromedriver                        0x0000000104f296bc chromedriver + 530108
15  chromedriver                        0x0000000104f2a930 chromedriver + 534832
16  chromedriver                        0x0000000105265e08 chromedriver + 3923464
17  chromedriver                        0x000000010526a3dc chromedriver + 3941340
18  chromedriver                        0x000000010524e038 chromedriver + 3825720
19  chromedriver                        0x000000010526af3c chromedriver + 3944252
20  chromedriver                        0x00000001052406f4 chromedriver + 3770100
21  chromedriver                        0x0000000105287980 chromedriver + 4061568
22  chromedriver                        0x0000000105287af8 chromedriver + 4061944
23  chromedriver                        0x00000001052982e4 chromedriver + 4129508
24  libsystem_pthread.dylib             0x000000018acb6034 _pthread_start + 136
25  libsystem_pthread.dylib             0x000000018acb0e3c thread_start + 8

2023-12-29 02:00:42,264 FAT1 - A timeout occurred on page download: Message: 
Stacktrace:
0   chromedriver                        0x00000001052a04dc chromedriver + 4162780
1   chromedriver                        0x0000000105298664 chromedriver + 4130404
2   chromedriver                        0x0000000104eefbc0 chromedriver + 293824
3   chromedriver                        0x0000000104ed80d8 chromedriver + 196824
4   chromedriver                        0x0000000104ed5e84 chromedriver + 188036
5   chromedriver                        0x0000000104ed6b30 chromedriver + 191280
6   chromedriver                        0x0000000104efe5c4 chromedriver + 353732
7   chromedriver                        0x0000000104ef5af0 chromedriver + 318192
8   chromedriver                        0x0000000104ef417c chromedriver + 311676
9   chromedriver                        0x0000000104ef713c chromedriver + 323900
10  chromedriver                        0x0000000104ef7278 chromedriver + 324216
11  chromedriver                        0x0000000104f30ca0 chromedriver + 560288
12  chromedriver                        0x0000000104f2b250 chromedriver + 537168
13  chromedriver                        0x0000000104f75ab0 chromedriver + 842416
14  chromedriver                        0x0000000104f296bc chromedriver + 530108
15  chromedriver                        0x0000000104f2a930 chromedriver + 534832
16  chromedriver                        0x0000000105265e08 chromedriver + 3923464
17  chromedriver                        0x000000010526a3dc chromedriver + 3941340
18  chromedriver                        0x000000010524e038 chromedriver + 3825720
19  chromedriver                        0x000000010526af3c chromedriver + 3944252
20  chromedriver                        0x00000001052406f4 chromedriver + 3770100
21  chromedriver                        0x0000000105287980 chromedriver + 4061568
22  chromedriver                        0x0000000105287af8 chromedriver + 4061944
23  chromedriver                        0x00000001052982e4 chromedriver + 4129508
24  libsystem_pthread.dylib             0x000000018acb6034 _pthread_start + 136
25  libsystem_pthread.dylib             0x000000018acb0e3c thread_start + 8

2023-12-29 02:08:09,688 IRF4 - A timeout occurred on page download: Message: 
Stacktrace:
0   chromedriver                        0x00000001052a04dc chromedriver + 4162780
1   chromedriver                        0x0000000105298664 chromedriver + 4130404
2   chromedriver                        0x0000000104eefbc0 chromedriver + 293824
3   chromedriver                        0x0000000104ed80d8 chromedriver + 196824
4   chromedriver                        0x0000000104ed5e84 chromedriver + 188036
5   chromedriver                        0x0000000104ed6b30 chromedriver + 191280
6   chromedriver                        0x0000000104efe5c4 chromedriver + 353732
7   chromedriver                        0x0000000104ef5af0 chromedriver + 318192
8   chromedriver                        0x0000000104ef417c chromedriver + 311676
9   chromedriver                        0x0000000104ef713c chromedriver + 323900
10  chromedriver                        0x0000000104ef7278 chromedriver + 324216
11  chromedriver                        0x0000000104f30ca0 chromedriver + 560288
12  chromedriver                        0x0000000104f2b250 chromedriver + 537168
13  chromedriver                        0x0000000104f75ab0 chromedriver + 842416
14  chromedriver                        0x0000000104f296bc chromedriver + 530108
15  chromedriver                        0x0000000104f2a930 chromedriver + 534832
16  chromedriver                        0x0000000105265e08 chromedriver + 3923464
17  chromedriver                        0x000000010526a3dc chromedriver + 3941340
18  chromedriver                        0x000000010524e038 chromedriver + 3825720
19  chromedriver                        0x000000010526af3c chromedriver + 3944252
20  chromedriver                        0x00000001052406f4 chromedriver + 3770100
21  chromedriver                        0x0000000105287980 chromedriver + 4061568
22  chromedriver                        0x0000000105287af8 chromedriver + 4061944
23  chromedriver                        0x00000001052982e4 chromedriver + 4129508
24  libsystem_pthread.dylib             0x000000018acb6034 _pthread_start + 136
25  libsystem_pthread.dylib             0x000000018acb0e3c thread_start + 8

2023-12-29 02:17:25,309 BCL6 - A timeout occurred on page download: Message: 
Stacktrace:
0   chromedriver                        0x00000001052a04dc chromedriver + 4162780
1   chromedriver                        0x0000000105298664 chromedriver + 4130404
2   chromedriver                        0x0000000104eefbc0 chromedriver + 293824
3   chromedriver                        0x0000000104ed80d8 chromedriver + 196824
4   chromedriver                        0x0000000104ed5e84 chromedriver + 188036
5   chromedriver                        0x0000000104ed6b30 chromedriver + 191280
6   chromedriver                        0x0000000104efe5c4 chromedriver + 353732
7   chromedriver                        0x0000000104ef5af0 chromedriver + 318192
8   chromedriver                        0x0000000104ef417c chromedriver + 311676
9   chromedriver                        0x0000000104ef713c chromedriver + 323900
10  chromedriver                        0x0000000104ef7278 chromedriver + 324216
11  chromedriver                        0x0000000104f30ca0 chromedriver + 560288
12  chromedriver                        0x0000000104f2b250 chromedriver + 537168
13  chromedriver                        0x0000000104f75ab0 chromedriver + 842416
14  chromedriver                        0x0000000104f296bc chromedriver + 530108
15  chromedriver                        0x0000000104f2a930 chromedriver + 534832
16  chromedriver                        0x0000000105265e08 chromedriver + 3923464
17  chromedriver                        0x000000010526a3dc chromedriver + 3941340
18  chromedriver                        0x000000010524e038 chromedriver + 3825720
19  chromedriver                        0x000000010526af3c chromedriver + 3944252
20  chromedriver                        0x00000001052406f4 chromedriver + 3770100
21  chromedriver                        0x0000000105287980 chromedriver + 4061568
22  chromedriver                        0x0000000105287af8 chromedriver + 4061944
23  chromedriver                        0x00000001052982e4 chromedriver + 4129508
24  libsystem_pthread.dylib             0x000000018acb6034 _pthread_start + 136
25  libsystem_pthread.dylib             0x000000018acb0e3c thread_start + 8

2023-12-29 02:22:23,745 TBX3 - A timeout occurred on page download: Message: 
Stacktrace:
0   chromedriver                        0x00000001052a04dc chromedriver + 4162780
1   chromedriver                        0x0000000105298664 chromedriver + 4130404
2   chromedriver                        0x0000000104eefbc0 chromedriver + 293824
3   chromedriver                        0x0000000104ed80d8 chromedriver + 196824
4   chromedriver                        0x0000000104ed5e84 chromedriver + 188036
5   chromedriver                        0x0000000104ed6b30 chromedriver + 191280
6   chromedriver                        0x0000000104efe5c4 chromedriver + 353732
7   chromedriver                        0x0000000104ef5af0 chromedriver + 318192
8   chromedriver                        0x0000000104ef417c chromedriver + 311676
9   chromedriver                        0x0000000104ef713c chromedriver + 323900
10  chromedriver                        0x0000000104ef7278 chromedriver + 324216
11  chromedriver                        0x0000000104f30ca0 chromedriver + 560288
12  chromedriver                        0x0000000104f2b250 chromedriver + 537168
13  chromedriver                        0x0000000104f75ab0 chromedriver + 842416
14  chromedriver                        0x0000000104f296bc chromedriver + 530108
15  chromedriver                        0x0000000104f2a930 chromedriver + 534832
16  chromedriver                        0x0000000105265e08 chromedriver + 3923464
17  chromedriver                        0x000000010526a3dc chromedriver + 3941340
18  chromedriver                        0x000000010524e038 chromedriver + 3825720
19  chromedriver                        0x000000010526af3c chromedriver + 3944252
20  chromedriver                        0x00000001052406f4 chromedriver + 3770100
21  chromedriver                        0x0000000105287980 chromedriver + 4061568
22  chromedriver                        0x0000000105287af8 chromedriver + 4061944
23  chromedriver                        0x00000001052982e4 chromedriver + 4129508
24  libsystem_pthread.dylib             0x000000018acb6034 _pthread_start + 136
25  libsystem_pthread.dylib             0x000000018acb0e3c thread_start + 8

2023-12-29 02:30:51,781 MTOR - A timeout occurred on page download: Message: 
Stacktrace:
0   chromedriver                        0x00000001052a04dc chromedriver + 4162780
1   chromedriver                        0x0000000105298664 chromedriver + 4130404
2   chromedriver                        0x0000000104eefbc0 chromedriver + 293824
3   chromedriver                        0x0000000104ed80d8 chromedriver + 196824
4   chromedriver                        0x0000000104ed5e84 chromedriver + 188036
5   chromedriver                        0x0000000104ed6b30 chromedriver + 191280
6   chromedriver                        0x0000000104efe5c4 chromedriver + 353732
7   chromedriver                        0x0000000104ef5af0 chromedriver + 318192
8   chromedriver                        0x0000000104ef417c chromedriver + 311676
9   chromedriver                        0x0000000104ef713c chromedriver + 323900
10  chromedriver                        0x0000000104ef7278 chromedriver + 324216
11  chromedriver                        0x0000000104f30ca0 chromedriver + 560288
12  chromedriver                        0x0000000104f2b250 chromedriver + 537168
13  chromedriver                        0x0000000104f75ab0 chromedriver + 842416
14  chromedriver                        0x0000000104f296bc chromedriver + 530108
15  chromedriver                        0x0000000104f2a930 chromedriver + 534832
16  chromedriver                        0x0000000105265e08 chromedriver + 3923464
17  chromedriver                        0x000000010526a3dc chromedriver + 3941340
18  chromedriver                        0x000000010524e038 chromedriver + 3825720
19  chromedriver                        0x000000010526af3c chromedriver + 3944252
20  chromedriver                        0x00000001052406f4 chromedriver + 3770100
21  chromedriver                        0x0000000105287980 chromedriver + 4061568
22  chromedriver                        0x0000000105287af8 chromedriver + 4061944
23  chromedriver                        0x00000001052982e4 chromedriver + 4129508
24  libsystem_pthread.dylib             0x000000018acb6034 _pthread_start + 136
25  libsystem_pthread.dylib             0x000000018acb0e3c thread_start + 8

2023-12-29 02:31:36,349 CUL3 - A timeout occurred on page download: Message: 
Stacktrace:
0   chromedriver                        0x00000001052a04dc chromedriver + 4162780
1   chromedriver                        0x0000000105298664 chromedriver + 4130404
2   chromedriver                        0x0000000104eefbc0 chromedriver + 293824
3   chromedriver                        0x0000000104ed80d8 chromedriver + 196824
4   chromedriver                        0x0000000104ed5e84 chromedriver + 188036
5   chromedriver                        0x0000000104ed6b30 chromedriver + 191280
6   chromedriver                        0x0000000104efe5c4 chromedriver + 353732
7   chromedriver                        0x0000000104ef5af0 chromedriver + 318192
8   chromedriver                        0x0000000104ef417c chromedriver + 311676
9   chromedriver                        0x0000000104ef713c chromedriver + 323900
10  chromedriver                        0x0000000104ef7278 chromedriver + 324216
11  chromedriver                        0x0000000104f30ca0 chromedriver + 560288
12  chromedriver                        0x0000000104f2b250 chromedriver + 537168
13  chromedriver                        0x0000000104f75ab0 chromedriver + 842416
14  chromedriver                        0x0000000104f296bc chromedriver + 530108
15  chromedriver                        0x0000000104f2a930 chromedriver + 534832
16  chromedriver                        0x0000000105265e08 chromedriver + 3923464
17  chromedriver                        0x000000010526a3dc chromedriver + 3941340
18  chromedriver                        0x000000010524e038 chromedriver + 3825720
19  chromedriver                        0x000000010526af3c chromedriver + 3944252
20  chromedriver                        0x00000001052406f4 chromedriver + 3770100
21  chromedriver                        0x0000000105287980 chromedriver + 4061568
22  chromedriver                        0x0000000105287af8 chromedriver + 4061944
23  chromedriver                        0x00000001052982e4 chromedriver + 4129508
24  libsystem_pthread.dylib             0x000000018acb6034 _pthread_start + 136
25  libsystem_pthread.dylib             0x000000018acb0e3c thread_start + 8

2023-12-29 02:33:33,902 TP63 - A timeout occurred on page download: Message: 
Stacktrace:
0   chromedriver                        0x00000001052a04dc chromedriver + 4162780
1   chromedriver                        0x0000000105298664 chromedriver + 4130404
2   chromedriver                        0x0000000104eefbc0 chromedriver + 293824
3   chromedriver                        0x0000000104ed80d8 chromedriver + 196824
4   chromedriver                        0x0000000104ed5e84 chromedriver + 188036
5   chromedriver                        0x0000000104ed6b30 chromedriver + 191280
6   chromedriver                        0x0000000104efe5c4 chromedriver + 353732
7   chromedriver                        0x0000000104ef5af0 chromedriver + 318192
8   chromedriver                        0x0000000104ef417c chromedriver + 311676
9   chromedriver                        0x0000000104ef713c chromedriver + 323900
10  chromedriver                        0x0000000104ef7278 chromedriver + 324216
11  chromedriver                        0x0000000104f30ca0 chromedriver + 560288
12  chromedriver                        0x0000000104f2b250 chromedriver + 537168
13  chromedriver                        0x0000000104f75ab0 chromedriver + 842416
14  chromedriver                        0x0000000104f296bc chromedriver + 530108
15  chromedriver                        0x0000000104f2a930 chromedriver + 534832
16  chromedriver                        0x0000000105265e08 chromedriver + 3923464
17  chromedriver                        0x000000010526a3dc chromedriver + 3941340
18  chromedriver                        0x000000010524e038 chromedriver + 3825720
19  chromedriver                        0x000000010526af3c chromedriver + 3944252
20  chromedriver                        0x00000001052406f4 chromedriver + 3770100
21  chromedriver                        0x0000000105287980 chromedriver + 4061568
22  chromedriver                        0x0000000105287af8 chromedriver + 4061944
23  chromedriver                        0x00000001052982e4 chromedriver + 4129508
24  libsystem_pthread.dylib             0x000000018acb6034 _pthread_start + 136
25  libsystem_pthread.dylib             0x000000018acb0e3c thread_start + 8

2023-12-29 02:48:08,359 MEN1 - A timeout occurred on page download: Message: 
Stacktrace:
0   chromedriver                        0x00000001052a04dc chromedriver + 4162780
1   chromedriver                        0x0000000105298664 chromedriver + 4130404
2   chromedriver                        0x0000000104eefbc0 chromedriver + 293824
3   chromedriver                        0x0000000104ed80d8 chromedriver + 196824
4   chromedriver                        0x0000000104ed5e84 chromedriver + 188036
5   chromedriver                        0x0000000104ed6b30 chromedriver + 191280
6   chromedriver                        0x0000000104efe5c4 chromedriver + 353732
7   chromedriver                        0x0000000104ef5af0 chromedriver + 318192
8   chromedriver                        0x0000000104ef417c chromedriver + 311676
9   chromedriver                        0x0000000104ef713c chromedriver + 323900
10  chromedriver                        0x0000000104ef7278 chromedriver + 324216
11  chromedriver                        0x0000000104f30ca0 chromedriver + 560288
12  chromedriver                        0x0000000104f2b250 chromedriver + 537168
13  chromedriver                        0x0000000104f75ab0 chromedriver + 842416
14  chromedriver                        0x0000000104f296bc chromedriver + 530108
15  chromedriver                        0x0000000104f2a930 chromedriver + 534832
16  chromedriver                        0x0000000105265e08 chromedriver + 3923464
17  chromedriver                        0x000000010526a3dc chromedriver + 3941340
18  chromedriver                        0x000000010524e038 chromedriver + 3825720
19  chromedriver                        0x000000010526af3c chromedriver + 3944252
20  chromedriver                        0x00000001052406f4 chromedriver + 3770100
21  chromedriver                        0x0000000105287980 chromedriver + 4061568
22  chromedriver                        0x0000000105287af8 chromedriver + 4061944
23  chromedriver                        0x00000001052982e4 chromedriver + 4129508
24  libsystem_pthread.dylib             0x000000018acb6034 _pthread_start + 136
25  libsystem_pthread.dylib             0x000000018acb0e3c thread_start + 8

2023-12-29 02:49:54,796 BCL11A - A timeout occurred on page download: Message: 
Stacktrace:
0   chromedriver                        0x00000001052a04dc chromedriver + 4162780
1   chromedriver                        0x0000000105298664 chromedriver + 4130404
2   chromedriver                        0x0000000104eefbc0 chromedriver + 293824
3   chromedriver                        0x0000000104ed80d8 chromedriver + 196824
4   chromedriver                        0x0000000104ed5e84 chromedriver + 188036
5   chromedriver                        0x0000000104ed6b30 chromedriver + 191280
6   chromedriver                        0x0000000104efe5c4 chromedriver + 353732
7   chromedriver                        0x0000000104ef5af0 chromedriver + 318192
8   chromedriver                        0x0000000104ef417c chromedriver + 311676
9   chromedriver                        0x0000000104ef713c chromedriver + 323900
10  chromedriver                        0x0000000104ef7278 chromedriver + 324216
11  chromedriver                        0x0000000104f30ca0 chromedriver + 560288
12  chromedriver                        0x0000000104f2b250 chromedriver + 537168
13  chromedriver                        0x0000000104f75ab0 chromedriver + 842416
14  chromedriver                        0x0000000104f296bc chromedriver + 530108
15  chromedriver                        0x0000000104f2a930 chromedriver + 534832
16  chromedriver                        0x0000000105265e08 chromedriver + 3923464
17  chromedriver                        0x000000010526a3dc chromedriver + 3941340
18  chromedriver                        0x000000010524e038 chromedriver + 3825720
19  chromedriver                        0x000000010526af3c chromedriver + 3944252
20  chromedriver                        0x00000001052406f4 chromedriver + 3770100
21  chromedriver                        0x0000000105287980 chromedriver + 4061568
22  chromedriver                        0x0000000105287af8 chromedriver + 4061944
23  chromedriver                        0x00000001052982e4 chromedriver + 4129508
24  libsystem_pthread.dylib             0x000000018acb6034 _pthread_start + 136
25  libsystem_pthread.dylib             0x000000018acb0e3c thread_start + 8

