2023-12-29 01:31:39,610 ATRX - A timeout occurred on page download: Message: 
Stacktrace:
0   chromedriver                        0x0000000102dec4dc chromedriver + 4162780
1   chromedriver                        0x0000000102de4664 chromedriver + 4130404
2   chromedriver                        0x0000000102a3bbc0 chromedriver + 293824
3   chromedriver                        0x0000000102a240d8 chromedriver + 196824
4   chromedriver                        0x0000000102a21e84 chromedriver + 188036
5   chromedriver                        0x0000000102a22b30 chromedriver + 191280
6   chromedriver                        0x0000000102a4a5c4 chromedriver + 353732
7   chromedriver                        0x0000000102a41af0 chromedriver + 318192
8   chromedriver                        0x0000000102a4017c chromedriver + 311676
9   chromedriver                        0x0000000102a4313c chromedriver + 323900
10  chromedriver                        0x0000000102a43278 chromedriver + 324216
11  chromedriver                        0x0000000102a7cca0 chromedriver + 560288
12  chromedriver                        0x0000000102a77250 chromedriver + 537168
13  chromedriver                        0x0000000102ac1ab0 chromedriver + 842416
14  chromedriver                        0x0000000102a756bc chromedriver + 530108
15  chromedriver                        0x0000000102a76930 chromedriver + 534832
16  chromedriver                        0x0000000102db1e08 chromedriver + 3923464
17  chromedriver                        0x0000000102db63dc chromedriver + 3941340
18  chromedriver                        0x0000000102d9a038 chromedriver + 3825720
19  chromedriver                        0x0000000102db6f3c chromedriver + 3944252
20  chromedriver                        0x0000000102d8c6f4 chromedriver + 3770100
21  chromedriver                        0x0000000102dd3980 chromedriver + 4061568
22  chromedriver                        0x0000000102dd3af8 chromedriver + 4061944
23  chromedriver                        0x0000000102de42e4 chromedriver + 4129508
24  libsystem_pthread.dylib             0x000000018acb6034 _pthread_start + 136
25  libsystem_pthread.dylib             0x000000018acb0e3c thread_start + 8

2023-12-29 02:01:25,946 TNC - A timeout occurred on page download: Message: 
Stacktrace:
0   chromedriver                        0x0000000102dec4dc chromedriver + 4162780
1   chromedriver                        0x0000000102de4664 chromedriver + 4130404
2   chromedriver                        0x0000000102a3bbc0 chromedriver + 293824
3   chromedriver                        0x0000000102a240d8 chromedriver + 196824
4   chromedriver                        0x0000000102a21e84 chromedriver + 188036
5   chromedriver                        0x0000000102a22b30 chromedriver + 191280
6   chromedriver                        0x0000000102a4a5c4 chromedriver + 353732
7   chromedriver                        0x0000000102a41af0 chromedriver + 318192
8   chromedriver                        0x0000000102a4017c chromedriver + 311676
9   chromedriver                        0x0000000102a4313c chromedriver + 323900
10  chromedriver                        0x0000000102a43278 chromedriver + 324216
11  chromedriver                        0x0000000102a7cca0 chromedriver + 560288
12  chromedriver                        0x0000000102a77250 chromedriver + 537168
13  chromedriver                        0x0000000102ac1ab0 chromedriver + 842416
14  chromedriver                        0x0000000102a756bc chromedriver + 530108
15  chromedriver                        0x0000000102a76930 chromedriver + 534832
16  chromedriver                        0x0000000102db1e08 chromedriver + 3923464
17  chromedriver                        0x0000000102db63dc chromedriver + 3941340
18  chromedriver                        0x0000000102d9a038 chromedriver + 3825720
19  chromedriver                        0x0000000102db6f3c chromedriver + 3944252
20  chromedriver                        0x0000000102d8c6f4 chromedriver + 3770100
21  chromedriver                        0x0000000102dd3980 chromedriver + 4061568
22  chromedriver                        0x0000000102dd3af8 chromedriver + 4061944
23  chromedriver                        0x0000000102de42e4 chromedriver + 4129508
24  libsystem_pthread.dylib             0x000000018acb6034 _pthread_start + 136
25  libsystem_pthread.dylib             0x000000018acb0e3c thread_start + 8

2023-12-29 02:28:27,777 NCOR2 - A timeout occurred on page download: Message: 
Stacktrace:
0   chromedriver                        0x0000000102dec4dc chromedriver + 4162780
1   chromedriver                        0x0000000102de4664 chromedriver + 4130404
2   chromedriver                        0x0000000102a3bbc0 chromedriver + 293824
3   chromedriver                        0x0000000102a240d8 chromedriver + 196824
4   chromedriver                        0x0000000102a21e84 chromedriver + 188036
5   chromedriver                        0x0000000102a22b30 chromedriver + 191280
6   chromedriver                        0x0000000102a4a5c4 chromedriver + 353732
7   chromedriver                        0x0000000102a41af0 chromedriver + 318192
8   chromedriver                        0x0000000102a4017c chromedriver + 311676
9   chromedriver                        0x0000000102a4313c chromedriver + 323900
10  chromedriver                        0x0000000102a43278 chromedriver + 324216
11  chromedriver                        0x0000000102a7cca0 chromedriver + 560288
12  chromedriver                        0x0000000102a77250 chromedriver + 537168
13  chromedriver                        0x0000000102ac1ab0 chromedriver + 842416
14  chromedriver                        0x0000000102a756bc chromedriver + 530108
15  chromedriver                        0x0000000102a76930 chromedriver + 534832
16  chromedriver                        0x0000000102db1e08 chromedriver + 3923464
17  chromedriver                        0x0000000102db63dc chromedriver + 3941340
18  chromedriver                        0x0000000102d9a038 chromedriver + 3825720
19  chromedriver                        0x0000000102db6f3c chromedriver + 3944252
20  chromedriver                        0x0000000102d8c6f4 chromedriver + 3770100
21  chromedriver                        0x0000000102dd3980 chromedriver + 4061568
22  chromedriver                        0x0000000102dd3af8 chromedriver + 4061944
23  chromedriver                        0x0000000102de42e4 chromedriver + 4129508
24  libsystem_pthread.dylib             0x000000018acb6034 _pthread_start + 136
25  libsystem_pthread.dylib             0x000000018acb0e3c thread_start + 8

2023-12-29 02:44:58,250 TP63 - A timeout occurred on page download: Message: 
Stacktrace:
0   chromedriver                        0x0000000102dec4dc chromedriver + 4162780
1   chromedriver                        0x0000000102de4664 chromedriver + 4130404
2   chromedriver                        0x0000000102a3bbc0 chromedriver + 293824
3   chromedriver                        0x0000000102a240d8 chromedriver + 196824
4   chromedriver                        0x0000000102a21e84 chromedriver + 188036
5   chromedriver                        0x0000000102a22b30 chromedriver + 191280
6   chromedriver                        0x0000000102a4a5c4 chromedriver + 353732
7   chromedriver                        0x0000000102a41af0 chromedriver + 318192
8   chromedriver                        0x0000000102a4017c chromedriver + 311676
9   chromedriver                        0x0000000102a4313c chromedriver + 323900
10  chromedriver                        0x0000000102a43278 chromedriver + 324216
11  chromedriver                        0x0000000102a7cca0 chromedriver + 560288
12  chromedriver                        0x0000000102a77250 chromedriver + 537168
13  chromedriver                        0x0000000102ac1ab0 chromedriver + 842416
14  chromedriver                        0x0000000102a756bc chromedriver + 530108
15  chromedriver                        0x0000000102a76930 chromedriver + 534832
16  chromedriver                        0x0000000102db1e08 chromedriver + 3923464
17  chromedriver                        0x0000000102db63dc chromedriver + 3941340
18  chromedriver                        0x0000000102d9a038 chromedriver + 3825720
19  chromedriver                        0x0000000102db6f3c chromedriver + 3944252
20  chromedriver                        0x0000000102d8c6f4 chromedriver + 3770100
21  chromedriver                        0x0000000102dd3980 chromedriver + 4061568
22  chromedriver                        0x0000000102dd3af8 chromedriver + 4061944
23  chromedriver                        0x0000000102de42e4 chromedriver + 4129508
24  libsystem_pthread.dylib             0x000000018acb6034 _pthread_start + 136
25  libsystem_pthread.dylib             0x000000018acb0e3c thread_start + 8

