2023-12-29 01:20:37,490 BRCA1 - A timeout occurred on page download: Message: 

2023-12-29 02:33:24,397 NUP214 - A timeout occurred on page download: Message: 
Stacktrace:
0   chromedriver                        0x000000010307c4dc chromedriver + 4162780
1   chromedriver                        0x0000000103074664 chromedriver + 4130404
2   chromedriver                        0x0000000102ccbbc0 chromedriver + 293824
3   chromedriver                        0x0000000102cb40d8 chromedriver + 196824
4   chromedriver                        0x0000000102cb1e84 chromedriver + 188036
5   chromedriver                        0x0000000102cb2b30 chromedriver + 191280
6   chromedriver                        0x0000000102cda5c4 chromedriver + 353732
7   chromedriver                        0x0000000102cd1af0 chromedriver + 318192
8   chromedriver                        0x0000000102cd017c chromedriver + 311676
9   chromedriver                        0x0000000102cd313c chromedriver + 323900
10  chromedriver                        0x0000000102cd3278 chromedriver + 324216
11  chromedriver                        0x0000000102d0cca0 chromedriver + 560288
12  chromedriver                        0x0000000102d07250 chromedriver + 537168
13  chromedriver                        0x0000000102d51ab0 chromedriver + 842416
14  chromedriver                        0x0000000102d056bc chromedriver + 530108
15  chromedriver                        0x0000000102d06930 chromedriver + 534832
16  chromedriver                        0x0000000103041e08 chromedriver + 3923464
17  chromedriver                        0x00000001030463dc chromedriver + 3941340
18  chromedriver                        0x000000010302a038 chromedriver + 3825720
19  chromedriver                        0x0000000103046f3c chromedriver + 3944252
20  chromedriver                        0x000000010301c6f4 chromedriver + 3770100
21  chromedriver                        0x0000000103063980 chromedriver + 4061568
22  chromedriver                        0x0000000103063af8 chromedriver + 4061944
23  chromedriver                        0x00000001030742e4 chromedriver + 4129508
24  libsystem_pthread.dylib             0x000000018acb6034 _pthread_start + 136
25  libsystem_pthread.dylib             0x000000018acb0e3c thread_start + 8

2023-12-29 02:34:51,330 ASXL1 - A timeout occurred on page download: Message: 
Stacktrace:
0   chromedriver                        0x000000010307c4dc chromedriver + 4162780
1   chromedriver                        0x0000000103074664 chromedriver + 4130404
2   chromedriver                        0x0000000102ccbbc0 chromedriver + 293824
3   chromedriver                        0x0000000102cb40d8 chromedriver + 196824
4   chromedriver                        0x0000000102cb1e84 chromedriver + 188036
5   chromedriver                        0x0000000102cb2b30 chromedriver + 191280
6   chromedriver                        0x0000000102cda5c4 chromedriver + 353732
7   chromedriver                        0x0000000102cd1af0 chromedriver + 318192
8   chromedriver                        0x0000000102cd017c chromedriver + 311676
9   chromedriver                        0x0000000102cd313c chromedriver + 323900
10  chromedriver                        0x0000000102cd3278 chromedriver + 324216
11  chromedriver                        0x0000000102d0cca0 chromedriver + 560288
12  chromedriver                        0x0000000102d07250 chromedriver + 537168
13  chromedriver                        0x0000000102d51ab0 chromedriver + 842416
14  chromedriver                        0x0000000102d056bc chromedriver + 530108
15  chromedriver                        0x0000000102d06930 chromedriver + 534832
16  chromedriver                        0x0000000103041e08 chromedriver + 3923464
17  chromedriver                        0x00000001030463dc chromedriver + 3941340
18  chromedriver                        0x000000010302a038 chromedriver + 3825720
19  chromedriver                        0x0000000103046f3c chromedriver + 3944252
20  chromedriver                        0x000000010301c6f4 chromedriver + 3770100
21  chromedriver                        0x0000000103063980 chromedriver + 4061568
22  chromedriver                        0x0000000103063af8 chromedriver + 4061944
23  chromedriver                        0x00000001030742e4 chromedriver + 4129508
24  libsystem_pthread.dylib             0x000000018acb6034 _pthread_start + 136
25  libsystem_pthread.dylib             0x000000018acb0e3c thread_start + 8

2023-12-29 02:39:50,783 TOP1 - A timeout occurred on page download: Message: 
Stacktrace:
0   chromedriver                        0x000000010307c4dc chromedriver + 4162780
1   chromedriver                        0x0000000103074664 chromedriver + 4130404
2   chromedriver                        0x0000000102ccbbc0 chromedriver + 293824
3   chromedriver                        0x0000000102cb40d8 chromedriver + 196824
4   chromedriver                        0x0000000102cb1e84 chromedriver + 188036
5   chromedriver                        0x0000000102cb2b30 chromedriver + 191280
6   chromedriver                        0x0000000102cda5c4 chromedriver + 353732
7   chromedriver                        0x0000000102cd1af0 chromedriver + 318192
8   chromedriver                        0x0000000102cd017c chromedriver + 311676
9   chromedriver                        0x0000000102cd313c chromedriver + 323900
10  chromedriver                        0x0000000102cd3278 chromedriver + 324216
11  chromedriver                        0x0000000102d0cca0 chromedriver + 560288
12  chromedriver                        0x0000000102d07250 chromedriver + 537168
13  chromedriver                        0x0000000102d51ab0 chromedriver + 842416
14  chromedriver                        0x0000000102d056bc chromedriver + 530108
15  chromedriver                        0x0000000102d06930 chromedriver + 534832
16  chromedriver                        0x0000000103041e08 chromedriver + 3923464
17  chromedriver                        0x00000001030463dc chromedriver + 3941340
18  chromedriver                        0x000000010302a038 chromedriver + 3825720
19  chromedriver                        0x0000000103046f3c chromedriver + 3944252
20  chromedriver                        0x000000010301c6f4 chromedriver + 3770100
21  chromedriver                        0x0000000103063980 chromedriver + 4061568
22  chromedriver                        0x0000000103063af8 chromedriver + 4061944
23  chromedriver                        0x00000001030742e4 chromedriver + 4129508
24  libsystem_pthread.dylib             0x000000018acb6034 _pthread_start + 136
25  libsystem_pthread.dylib             0x000000018acb0e3c thread_start + 8

2023-12-29 02:52:29,391 PTPRC - A timeout occurred on page download: Message: 
Stacktrace:
0   chromedriver                        0x000000010307c4dc chromedriver + 4162780
1   chromedriver                        0x0000000103074664 chromedriver + 4130404
2   chromedriver                        0x0000000102ccbbc0 chromedriver + 293824
3   chromedriver                        0x0000000102cb40d8 chromedriver + 196824
4   chromedriver                        0x0000000102cb1e84 chromedriver + 188036
5   chromedriver                        0x0000000102cb2b30 chromedriver + 191280
6   chromedriver                        0x0000000102cda5c4 chromedriver + 353732
7   chromedriver                        0x0000000102cd1af0 chromedriver + 318192
8   chromedriver                        0x0000000102cd017c chromedriver + 311676
9   chromedriver                        0x0000000102cd313c chromedriver + 323900
10  chromedriver                        0x0000000102cd3278 chromedriver + 324216
11  chromedriver                        0x0000000102d0cca0 chromedriver + 560288
12  chromedriver                        0x0000000102d07250 chromedriver + 537168
13  chromedriver                        0x0000000102d51ab0 chromedriver + 842416
14  chromedriver                        0x0000000102d056bc chromedriver + 530108
15  chromedriver                        0x0000000102d06930 chromedriver + 534832
16  chromedriver                        0x0000000103041e08 chromedriver + 3923464
17  chromedriver                        0x00000001030463dc chromedriver + 3941340
18  chromedriver                        0x000000010302a038 chromedriver + 3825720
19  chromedriver                        0x0000000103046f3c chromedriver + 3944252
20  chromedriver                        0x000000010301c6f4 chromedriver + 3770100
21  chromedriver                        0x0000000103063980 chromedriver + 4061568
22  chromedriver                        0x0000000103063af8 chromedriver + 4061944
23  chromedriver                        0x00000001030742e4 chromedriver + 4129508
24  libsystem_pthread.dylib             0x000000018acb6034 _pthread_start + 136
25  libsystem_pthread.dylib             0x000000018acb0e3c thread_start + 8

2023-12-29 03:07:03,158 STAT3 - A timeout occurred on page download: Message: 
Stacktrace:
0   chromedriver                        0x000000010307c4dc chromedriver + 4162780
1   chromedriver                        0x0000000103074664 chromedriver + 4130404
2   chromedriver                        0x0000000102ccbbc0 chromedriver + 293824
3   chromedriver                        0x0000000102cb40d8 chromedriver + 196824
4   chromedriver                        0x0000000102cb1e84 chromedriver + 188036
5   chromedriver                        0x0000000102cb2b30 chromedriver + 191280
6   chromedriver                        0x0000000102cda5c4 chromedriver + 353732
7   chromedriver                        0x0000000102cd1af0 chromedriver + 318192
8   chromedriver                        0x0000000102cd017c chromedriver + 311676
9   chromedriver                        0x0000000102cd313c chromedriver + 323900
10  chromedriver                        0x0000000102cd3278 chromedriver + 324216
11  chromedriver                        0x0000000102d0cca0 chromedriver + 560288
12  chromedriver                        0x0000000102d07250 chromedriver + 537168
13  chromedriver                        0x0000000102d51ab0 chromedriver + 842416
14  chromedriver                        0x0000000102d056bc chromedriver + 530108
15  chromedriver                        0x0000000102d06930 chromedriver + 534832
16  chromedriver                        0x0000000103041e08 chromedriver + 3923464
17  chromedriver                        0x00000001030463dc chromedriver + 3941340
18  chromedriver                        0x000000010302a038 chromedriver + 3825720
19  chromedriver                        0x0000000103046f3c chromedriver + 3944252
20  chromedriver                        0x000000010301c6f4 chromedriver + 3770100
21  chromedriver                        0x0000000103063980 chromedriver + 4061568
22  chromedriver                        0x0000000103063af8 chromedriver + 4061944
23  chromedriver                        0x00000001030742e4 chromedriver + 4129508
24  libsystem_pthread.dylib             0x000000018acb6034 _pthread_start + 136
25  libsystem_pthread.dylib             0x000000018acb0e3c thread_start + 8

