2023-12-29 01:19:00,201 NRAS - A timeout occurred on page download: Message: 
Stacktrace:
0   chromedriver                        0x00000001048dc4dc chromedriver + 4162780
1   chromedriver                        0x00000001048d4664 chromedriver + 4130404
2   chromedriver                        0x000000010452bbc0 chromedriver + 293824
3   chromedriver                        0x00000001045140d8 chromedriver + 196824
4   chromedriver                        0x0000000104511e84 chromedriver + 188036
5   chromedriver                        0x0000000104512b30 chromedriver + 191280
6   chromedriver                        0x000000010453a5c4 chromedriver + 353732
7   chromedriver                        0x0000000104531af0 chromedriver + 318192
8   chromedriver                        0x000000010453017c chromedriver + 311676
9   chromedriver                        0x000000010453313c chromedriver + 323900
10  chromedriver                        0x0000000104533278 chromedriver + 324216
11  chromedriver                        0x000000010456cca0 chromedriver + 560288
12  chromedriver                        0x0000000104567250 chromedriver + 537168
13  chromedriver                        0x00000001045b1ab0 chromedriver + 842416
14  chromedriver                        0x00000001045656bc chromedriver + 530108
15  chromedriver                        0x0000000104566930 chromedriver + 534832
16  chromedriver                        0x00000001048a1e08 chromedriver + 3923464
17  chromedriver                        0x00000001048a63dc chromedriver + 3941340
18  chromedriver                        0x000000010488a038 chromedriver + 3825720
19  chromedriver                        0x00000001048a6f3c chromedriver + 3944252
20  chromedriver                        0x000000010487c6f4 chromedriver + 3770100
21  chromedriver                        0x00000001048c3980 chromedriver + 4061568
22  chromedriver                        0x00000001048c3af8 chromedriver + 4061944
23  chromedriver                        0x00000001048d42e4 chromedriver + 4129508
24  libsystem_pthread.dylib             0x000000018acb6034 _pthread_start + 136
25  libsystem_pthread.dylib             0x000000018acb0e3c thread_start + 8

2023-12-29 01:46:26,289 TP53 - A timeout occurred on page download: Message: 
Stacktrace:
0   chromedriver                        0x00000001048dc4dc chromedriver + 4162780
1   chromedriver                        0x00000001048d4664 chromedriver + 4130404
2   chromedriver                        0x000000010452bbc0 chromedriver + 293824
3   chromedriver                        0x00000001045140d8 chromedriver + 196824
4   chromedriver                        0x0000000104511e84 chromedriver + 188036
5   chromedriver                        0x0000000104512b30 chromedriver + 191280
6   chromedriver                        0x000000010453a5c4 chromedriver + 353732
7   chromedriver                        0x0000000104531af0 chromedriver + 318192
8   chromedriver                        0x000000010453017c chromedriver + 311676
9   chromedriver                        0x000000010453313c chromedriver + 323900
10  chromedriver                        0x0000000104533278 chromedriver + 324216
11  chromedriver                        0x000000010456cca0 chromedriver + 560288
12  chromedriver                        0x0000000104567250 chromedriver + 537168
13  chromedriver                        0x00000001045b1ab0 chromedriver + 842416
14  chromedriver                        0x00000001045656bc chromedriver + 530108
15  chromedriver                        0x0000000104566930 chromedriver + 534832
16  chromedriver                        0x00000001048a1e08 chromedriver + 3923464
17  chromedriver                        0x00000001048a63dc chromedriver + 3941340
18  chromedriver                        0x000000010488a038 chromedriver + 3825720
19  chromedriver                        0x00000001048a6f3c chromedriver + 3944252
20  chromedriver                        0x000000010487c6f4 chromedriver + 3770100
21  chromedriver                        0x00000001048c3980 chromedriver + 4061568
22  chromedriver                        0x00000001048c3af8 chromedriver + 4061944
23  chromedriver                        0x00000001048d42e4 chromedriver + 4129508
24  libsystem_pthread.dylib             0x000000018acb6034 _pthread_start + 136
25  libsystem_pthread.dylib             0x000000018acb0e3c thread_start + 8

2023-12-29 01:59:44,249 LIFR - A timeout occurred on page download: Message: 
Stacktrace:
0   chromedriver                        0x00000001048dc4dc chromedriver + 4162780
1   chromedriver                        0x00000001048d4664 chromedriver + 4130404
2   chromedriver                        0x000000010452bbc0 chromedriver + 293824
3   chromedriver                        0x00000001045140d8 chromedriver + 196824
4   chromedriver                        0x0000000104511e84 chromedriver + 188036
5   chromedriver                        0x0000000104512b30 chromedriver + 191280
6   chromedriver                        0x000000010453a5c4 chromedriver + 353732
7   chromedriver                        0x0000000104531af0 chromedriver + 318192
8   chromedriver                        0x000000010453017c chromedriver + 311676
9   chromedriver                        0x000000010453313c chromedriver + 323900
10  chromedriver                        0x0000000104533278 chromedriver + 324216
11  chromedriver                        0x000000010456cca0 chromedriver + 560288
12  chromedriver                        0x0000000104567250 chromedriver + 537168
13  chromedriver                        0x00000001045b1ab0 chromedriver + 842416
14  chromedriver                        0x00000001045656bc chromedriver + 530108
15  chromedriver                        0x0000000104566930 chromedriver + 534832
16  chromedriver                        0x00000001048a1e08 chromedriver + 3923464
17  chromedriver                        0x00000001048a63dc chromedriver + 3941340
18  chromedriver                        0x000000010488a038 chromedriver + 3825720
19  chromedriver                        0x00000001048a6f3c chromedriver + 3944252
20  chromedriver                        0x000000010487c6f4 chromedriver + 3770100
21  chromedriver                        0x00000001048c3980 chromedriver + 4061568
22  chromedriver                        0x00000001048c3af8 chromedriver + 4061944
23  chromedriver                        0x00000001048d42e4 chromedriver + 4129508
24  libsystem_pthread.dylib             0x000000018acb6034 _pthread_start + 136
25  libsystem_pthread.dylib             0x000000018acb0e3c thread_start + 8

2023-12-29 02:08:31,023 NTRK3 - A timeout occurred on page download: Message: 
Stacktrace:
0   chromedriver                        0x00000001048dc4dc chromedriver + 4162780
1   chromedriver                        0x00000001048d4664 chromedriver + 4130404
2   chromedriver                        0x000000010452bbc0 chromedriver + 293824
3   chromedriver                        0x00000001045140d8 chromedriver + 196824
4   chromedriver                        0x0000000104511e84 chromedriver + 188036
5   chromedriver                        0x0000000104512b30 chromedriver + 191280
6   chromedriver                        0x000000010453a5c4 chromedriver + 353732
7   chromedriver                        0x0000000104531af0 chromedriver + 318192
8   chromedriver                        0x000000010453017c chromedriver + 311676
9   chromedriver                        0x000000010453313c chromedriver + 323900
10  chromedriver                        0x0000000104533278 chromedriver + 324216
11  chromedriver                        0x000000010456cca0 chromedriver + 560288
12  chromedriver                        0x0000000104567250 chromedriver + 537168
13  chromedriver                        0x00000001045b1ab0 chromedriver + 842416
14  chromedriver                        0x00000001045656bc chromedriver + 530108
15  chromedriver                        0x0000000104566930 chromedriver + 534832
16  chromedriver                        0x00000001048a1e08 chromedriver + 3923464
17  chromedriver                        0x00000001048a63dc chromedriver + 3941340
18  chromedriver                        0x000000010488a038 chromedriver + 3825720
19  chromedriver                        0x00000001048a6f3c chromedriver + 3944252
20  chromedriver                        0x000000010487c6f4 chromedriver + 3770100
21  chromedriver                        0x00000001048c3980 chromedriver + 4061568
22  chromedriver                        0x00000001048c3af8 chromedriver + 4061944
23  chromedriver                        0x00000001048d42e4 chromedriver + 4129508
24  libsystem_pthread.dylib             0x000000018acb6034 _pthread_start + 136
25  libsystem_pthread.dylib             0x000000018acb0e3c thread_start + 8

2023-12-29 02:12:00,730 BIRC6 - A timeout occurred on page download: Message: 
Stacktrace:
0   chromedriver                        0x00000001048dc4dc chromedriver + 4162780
1   chromedriver                        0x00000001048d4664 chromedriver + 4130404
2   chromedriver                        0x000000010452bbc0 chromedriver + 293824
3   chromedriver                        0x00000001045140d8 chromedriver + 196824
4   chromedriver                        0x0000000104511e84 chromedriver + 188036
5   chromedriver                        0x0000000104512b30 chromedriver + 191280
6   chromedriver                        0x000000010453a5c4 chromedriver + 353732
7   chromedriver                        0x0000000104531af0 chromedriver + 318192
8   chromedriver                        0x000000010453017c chromedriver + 311676
9   chromedriver                        0x000000010453313c chromedriver + 323900
10  chromedriver                        0x0000000104533278 chromedriver + 324216
11  chromedriver                        0x000000010456cca0 chromedriver + 560288
12  chromedriver                        0x0000000104567250 chromedriver + 537168
13  chromedriver                        0x00000001045b1ab0 chromedriver + 842416
14  chromedriver                        0x00000001045656bc chromedriver + 530108
15  chromedriver                        0x0000000104566930 chromedriver + 534832
16  chromedriver                        0x00000001048a1e08 chromedriver + 3923464
17  chromedriver                        0x00000001048a63dc chromedriver + 3941340
18  chromedriver                        0x000000010488a038 chromedriver + 3825720
19  chromedriver                        0x00000001048a6f3c chromedriver + 3944252
20  chromedriver                        0x000000010487c6f4 chromedriver + 3770100
21  chromedriver                        0x00000001048c3980 chromedriver + 4061568
22  chromedriver                        0x00000001048c3af8 chromedriver + 4061944
23  chromedriver                        0x00000001048d42e4 chromedriver + 4129508
24  libsystem_pthread.dylib             0x000000018acb6034 _pthread_start + 136
25  libsystem_pthread.dylib             0x000000018acb0e3c thread_start + 8

2023-12-29 02:16:36,195 PDGFRA - A timeout occurred on page download: Message: 
Stacktrace:
0   chromedriver                        0x00000001048dc4dc chromedriver + 4162780
1   chromedriver                        0x00000001048d4664 chromedriver + 4130404
2   chromedriver                        0x000000010452bbc0 chromedriver + 293824
3   chromedriver                        0x00000001045140d8 chromedriver + 196824
4   chromedriver                        0x0000000104511e84 chromedriver + 188036
5   chromedriver                        0x0000000104512b30 chromedriver + 191280
6   chromedriver                        0x000000010453a5c4 chromedriver + 353732
7   chromedriver                        0x0000000104531af0 chromedriver + 318192
8   chromedriver                        0x000000010453017c chromedriver + 311676
9   chromedriver                        0x000000010453313c chromedriver + 323900
10  chromedriver                        0x0000000104533278 chromedriver + 324216
11  chromedriver                        0x000000010456cca0 chromedriver + 560288
12  chromedriver                        0x0000000104567250 chromedriver + 537168
13  chromedriver                        0x00000001045b1ab0 chromedriver + 842416
14  chromedriver                        0x00000001045656bc chromedriver + 530108
15  chromedriver                        0x0000000104566930 chromedriver + 534832
16  chromedriver                        0x00000001048a1e08 chromedriver + 3923464
17  chromedriver                        0x00000001048a63dc chromedriver + 3941340
18  chromedriver                        0x000000010488a038 chromedriver + 3825720
19  chromedriver                        0x00000001048a6f3c chromedriver + 3944252
20  chromedriver                        0x000000010487c6f4 chromedriver + 3770100
21  chromedriver                        0x00000001048c3980 chromedriver + 4061568
22  chromedriver                        0x00000001048c3af8 chromedriver + 4061944
23  chromedriver                        0x00000001048d42e4 chromedriver + 4129508
24  libsystem_pthread.dylib             0x000000018acb6034 _pthread_start + 136
25  libsystem_pthread.dylib             0x000000018acb0e3c thread_start + 8

2023-12-29 02:50:52,117 EP300 - A timeout occurred on page download: Message: 
Stacktrace:
0   chromedriver                        0x00000001048dc4dc chromedriver + 4162780
1   chromedriver                        0x00000001048d4664 chromedriver + 4130404
2   chromedriver                        0x000000010452bbc0 chromedriver + 293824
3   chromedriver                        0x00000001045140d8 chromedriver + 196824
4   chromedriver                        0x0000000104511e84 chromedriver + 188036
5   chromedriver                        0x0000000104512b30 chromedriver + 191280
6   chromedriver                        0x000000010453a5c4 chromedriver + 353732
7   chromedriver                        0x0000000104531af0 chromedriver + 318192
8   chromedriver                        0x000000010453017c chromedriver + 311676
9   chromedriver                        0x000000010453313c chromedriver + 323900
10  chromedriver                        0x0000000104533278 chromedriver + 324216
11  chromedriver                        0x000000010456cca0 chromedriver + 560288
12  chromedriver                        0x0000000104567250 chromedriver + 537168
13  chromedriver                        0x00000001045b1ab0 chromedriver + 842416
14  chromedriver                        0x00000001045656bc chromedriver + 530108
15  chromedriver                        0x0000000104566930 chromedriver + 534832
16  chromedriver                        0x00000001048a1e08 chromedriver + 3923464
17  chromedriver                        0x00000001048a63dc chromedriver + 3941340
18  chromedriver                        0x000000010488a038 chromedriver + 3825720
19  chromedriver                        0x00000001048a6f3c chromedriver + 3944252
20  chromedriver                        0x000000010487c6f4 chromedriver + 3770100
21  chromedriver                        0x00000001048c3980 chromedriver + 4061568
22  chromedriver                        0x00000001048c3af8 chromedriver + 4061944
23  chromedriver                        0x00000001048d42e4 chromedriver + 4129508
24  libsystem_pthread.dylib             0x000000018acb6034 _pthread_start + 136
25  libsystem_pthread.dylib             0x000000018acb0e3c thread_start + 8

2023-12-29 03:01:20,087 PTPN13 - A timeout occurred on page download: Message: 
Stacktrace:
0   chromedriver                        0x00000001048dc4dc chromedriver + 4162780
1   chromedriver                        0x00000001048d4664 chromedriver + 4130404
2   chromedriver                        0x000000010452bbc0 chromedriver + 293824
3   chromedriver                        0x00000001045140d8 chromedriver + 196824
4   chromedriver                        0x0000000104511e84 chromedriver + 188036
5   chromedriver                        0x0000000104512b30 chromedriver + 191280
6   chromedriver                        0x000000010453a5c4 chromedriver + 353732
7   chromedriver                        0x0000000104531af0 chromedriver + 318192
8   chromedriver                        0x000000010453017c chromedriver + 311676
9   chromedriver                        0x000000010453313c chromedriver + 323900
10  chromedriver                        0x0000000104533278 chromedriver + 324216
11  chromedriver                        0x000000010456cca0 chromedriver + 560288
12  chromedriver                        0x0000000104567250 chromedriver + 537168
13  chromedriver                        0x00000001045b1ab0 chromedriver + 842416
14  chromedriver                        0x00000001045656bc chromedriver + 530108
15  chromedriver                        0x0000000104566930 chromedriver + 534832
16  chromedriver                        0x00000001048a1e08 chromedriver + 3923464
17  chromedriver                        0x00000001048a63dc chromedriver + 3941340
18  chromedriver                        0x000000010488a038 chromedriver + 3825720
19  chromedriver                        0x00000001048a6f3c chromedriver + 3944252
20  chromedriver                        0x000000010487c6f4 chromedriver + 3770100
21  chromedriver                        0x00000001048c3980 chromedriver + 4061568
22  chromedriver                        0x00000001048c3af8 chromedriver + 4061944
23  chromedriver                        0x00000001048d42e4 chromedriver + 4129508
24  libsystem_pthread.dylib             0x000000018acb6034 _pthread_start + 136
25  libsystem_pthread.dylib             0x000000018acb0e3c thread_start + 8

2023-12-29 03:12:16,375 PML - A timeout occurred on page download: Message: 
Stacktrace:
0   chromedriver                        0x00000001048dc4dc chromedriver + 4162780
1   chromedriver                        0x00000001048d4664 chromedriver + 4130404
2   chromedriver                        0x000000010452bbc0 chromedriver + 293824
3   chromedriver                        0x00000001045140d8 chromedriver + 196824
4   chromedriver                        0x0000000104511e84 chromedriver + 188036
5   chromedriver                        0x0000000104512b30 chromedriver + 191280
6   chromedriver                        0x000000010453a5c4 chromedriver + 353732
7   chromedriver                        0x0000000104531af0 chromedriver + 318192
8   chromedriver                        0x000000010453017c chromedriver + 311676
9   chromedriver                        0x000000010453313c chromedriver + 323900
10  chromedriver                        0x0000000104533278 chromedriver + 324216
11  chromedriver                        0x000000010456cca0 chromedriver + 560288
12  chromedriver                        0x0000000104567250 chromedriver + 537168
13  chromedriver                        0x00000001045b1ab0 chromedriver + 842416
14  chromedriver                        0x00000001045656bc chromedriver + 530108
15  chromedriver                        0x0000000104566930 chromedriver + 534832
16  chromedriver                        0x00000001048a1e08 chromedriver + 3923464
17  chromedriver                        0x00000001048a63dc chromedriver + 3941340
18  chromedriver                        0x000000010488a038 chromedriver + 3825720
19  chromedriver                        0x00000001048a6f3c chromedriver + 3944252
20  chromedriver                        0x000000010487c6f4 chromedriver + 3770100
21  chromedriver                        0x00000001048c3980 chromedriver + 4061568
22  chromedriver                        0x00000001048c3af8 chromedriver + 4061944
23  chromedriver                        0x00000001048d42e4 chromedriver + 4129508
24  libsystem_pthread.dylib             0x000000018acb6034 _pthread_start + 136
25  libsystem_pthread.dylib             0x000000018acb0e3c thread_start + 8

