2023-12-29 01:10:29,372 TP53 - A timeout occurred on page download: Message: 
Stacktrace:
0   chromedriver                        0x0000000102f7c4dc chromedriver + 4162780
1   chromedriver                        0x0000000102f74664 chromedriver + 4130404
2   chromedriver                        0x0000000102bcbbc0 chromedriver + 293824
3   chromedriver                        0x0000000102bb40d8 chromedriver + 196824
4   chromedriver                        0x0000000102bb1e84 chromedriver + 188036
5   chromedriver                        0x0000000102bb2b30 chromedriver + 191280
6   chromedriver                        0x0000000102bda5c4 chromedriver + 353732
7   chromedriver                        0x0000000102bd1af0 chromedriver + 318192
8   chromedriver                        0x0000000102bd017c chromedriver + 311676
9   chromedriver                        0x0000000102bd313c chromedriver + 323900
10  chromedriver                        0x0000000102bd3278 chromedriver + 324216
11  chromedriver                        0x0000000102c0cca0 chromedriver + 560288
12  chromedriver                        0x0000000102c07250 chromedriver + 537168
13  chromedriver                        0x0000000102c51ab0 chromedriver + 842416
14  chromedriver                        0x0000000102c056bc chromedriver + 530108
15  chromedriver                        0x0000000102c06930 chromedriver + 534832
16  chromedriver                        0x0000000102f41e08 chromedriver + 3923464
17  chromedriver                        0x0000000102f463dc chromedriver + 3941340
18  chromedriver                        0x0000000102f2a038 chromedriver + 3825720
19  chromedriver                        0x0000000102f46f3c chromedriver + 3944252
20  chromedriver                        0x0000000102f1c6f4 chromedriver + 3770100
21  chromedriver                        0x0000000102f63980 chromedriver + 4061568
22  chromedriver                        0x0000000102f63af8 chromedriver + 4061944
23  chromedriver                        0x0000000102f742e4 chromedriver + 4129508
24  libsystem_pthread.dylib             0x000000018acb6034 _pthread_start + 136
25  libsystem_pthread.dylib             0x000000018acb0e3c thread_start + 8

2023-12-29 01:20:16,896 SPEN - An error occurred while processing: Message: 
Stacktrace:
0   chromedriver                        0x0000000102f7c4dc chromedriver + 4162780
1   chromedriver                        0x0000000102f74664 chromedriver + 4130404
2   chromedriver                        0x0000000102bcbbc0 chromedriver + 293824
3   chromedriver                        0x0000000102c12040 chromedriver + 581696
4   chromedriver                        0x0000000102c51ab0 chromedriver + 842416
5   chromedriver                        0x0000000102c056bc chromedriver + 530108
6   chromedriver                        0x0000000102c06930 chromedriver + 534832
7   chromedriver                        0x0000000102f41e08 chromedriver + 3923464
8   chromedriver                        0x0000000102f463dc chromedriver + 3941340
9   chromedriver                        0x0000000102f2a038 chromedriver + 3825720
10  chromedriver                        0x0000000102f46f3c chromedriver + 3944252
11  chromedriver                        0x0000000102f1c6f4 chromedriver + 3770100
12  chromedriver                        0x0000000102f63980 chromedriver + 4061568
13  chromedriver                        0x0000000102f63af8 chromedriver + 4061944
14  chromedriver                        0x0000000102f742e4 chromedriver + 4129508
15  libsystem_pthread.dylib             0x000000018acb6034 _pthread_start + 136
16  libsystem_pthread.dylib             0x000000018acb0e3c thread_start + 8

2023-12-29 01:27:16,033 FAT4 - A timeout occurred on page download: Message: 
Stacktrace:
0   chromedriver                        0x0000000102f7c4dc chromedriver + 4162780
1   chromedriver                        0x0000000102f74664 chromedriver + 4130404
2   chromedriver                        0x0000000102bcbbc0 chromedriver + 293824
3   chromedriver                        0x0000000102bb40d8 chromedriver + 196824
4   chromedriver                        0x0000000102bb1e84 chromedriver + 188036
5   chromedriver                        0x0000000102bb2b30 chromedriver + 191280
6   chromedriver                        0x0000000102bda5c4 chromedriver + 353732
7   chromedriver                        0x0000000102bd1af0 chromedriver + 318192
8   chromedriver                        0x0000000102bd017c chromedriver + 311676
9   chromedriver                        0x0000000102bd313c chromedriver + 323900
10  chromedriver                        0x0000000102bd3278 chromedriver + 324216
11  chromedriver                        0x0000000102c0cca0 chromedriver + 560288
12  chromedriver                        0x0000000102c07250 chromedriver + 537168
13  chromedriver                        0x0000000102c51ab0 chromedriver + 842416
14  chromedriver                        0x0000000102c056bc chromedriver + 530108
15  chromedriver                        0x0000000102c06930 chromedriver + 534832
16  chromedriver                        0x0000000102f41e08 chromedriver + 3923464
17  chromedriver                        0x0000000102f463dc chromedriver + 3941340
18  chromedriver                        0x0000000102f2a038 chromedriver + 3825720
19  chromedriver                        0x0000000102f46f3c chromedriver + 3944252
20  chromedriver                        0x0000000102f1c6f4 chromedriver + 3770100
21  chromedriver                        0x0000000102f63980 chromedriver + 4061568
22  chromedriver                        0x0000000102f63af8 chromedriver + 4061944
23  chromedriver                        0x0000000102f742e4 chromedriver + 4129508
24  libsystem_pthread.dylib             0x000000018acb6034 _pthread_start + 136
25  libsystem_pthread.dylib             0x000000018acb0e3c thread_start + 8

2023-12-29 01:30:58,989 TSC2 - A timeout occurred on page download: Message: 
Stacktrace:
0   chromedriver                        0x0000000102f7c4dc chromedriver + 4162780
1   chromedriver                        0x0000000102f74664 chromedriver + 4130404
2   chromedriver                        0x0000000102bcbbc0 chromedriver + 293824
3   chromedriver                        0x0000000102bb40d8 chromedriver + 196824
4   chromedriver                        0x0000000102bb1e84 chromedriver + 188036
5   chromedriver                        0x0000000102bb2b30 chromedriver + 191280
6   chromedriver                        0x0000000102bda5c4 chromedriver + 353732
7   chromedriver                        0x0000000102bd1af0 chromedriver + 318192
8   chromedriver                        0x0000000102bd017c chromedriver + 311676
9   chromedriver                        0x0000000102bd313c chromedriver + 323900
10  chromedriver                        0x0000000102bd3278 chromedriver + 324216
11  chromedriver                        0x0000000102c0cca0 chromedriver + 560288
12  chromedriver                        0x0000000102c07250 chromedriver + 537168
13  chromedriver                        0x0000000102c51ab0 chromedriver + 842416
14  chromedriver                        0x0000000102c056bc chromedriver + 530108
15  chromedriver                        0x0000000102c06930 chromedriver + 534832
16  chromedriver                        0x0000000102f41e08 chromedriver + 3923464
17  chromedriver                        0x0000000102f463dc chromedriver + 3941340
18  chromedriver                        0x0000000102f2a038 chromedriver + 3825720
19  chromedriver                        0x0000000102f46f3c chromedriver + 3944252
20  chromedriver                        0x0000000102f1c6f4 chromedriver + 3770100
21  chromedriver                        0x0000000102f63980 chromedriver + 4061568
22  chromedriver                        0x0000000102f63af8 chromedriver + 4061944
23  chromedriver                        0x0000000102f742e4 chromedriver + 4129508
24  libsystem_pthread.dylib             0x000000018acb6034 _pthread_start + 136
25  libsystem_pthread.dylib             0x000000018acb0e3c thread_start + 8

2023-12-29 02:16:42,143 MYH11 - A timeout occurred on page download: Message: 
Stacktrace:
0   chromedriver                        0x0000000102f7c4dc chromedriver + 4162780
1   chromedriver                        0x0000000102f74664 chromedriver + 4130404
2   chromedriver                        0x0000000102bcbbc0 chromedriver + 293824
3   chromedriver                        0x0000000102bb40d8 chromedriver + 196824
4   chromedriver                        0x0000000102bb1e84 chromedriver + 188036
5   chromedriver                        0x0000000102bb2b30 chromedriver + 191280
6   chromedriver                        0x0000000102bda5c4 chromedriver + 353732
7   chromedriver                        0x0000000102bd1af0 chromedriver + 318192
8   chromedriver                        0x0000000102bd017c chromedriver + 311676
9   chromedriver                        0x0000000102bd313c chromedriver + 323900
10  chromedriver                        0x0000000102bd3278 chromedriver + 324216
11  chromedriver                        0x0000000102c0cca0 chromedriver + 560288
12  chromedriver                        0x0000000102c07250 chromedriver + 537168
13  chromedriver                        0x0000000102c51ab0 chromedriver + 842416
14  chromedriver                        0x0000000102c056bc chromedriver + 530108
15  chromedriver                        0x0000000102c06930 chromedriver + 534832
16  chromedriver                        0x0000000102f41e08 chromedriver + 3923464
17  chromedriver                        0x0000000102f463dc chromedriver + 3941340
18  chromedriver                        0x0000000102f2a038 chromedriver + 3825720
19  chromedriver                        0x0000000102f46f3c chromedriver + 3944252
20  chromedriver                        0x0000000102f1c6f4 chromedriver + 3770100
21  chromedriver                        0x0000000102f63980 chromedriver + 4061568
22  chromedriver                        0x0000000102f63af8 chromedriver + 4061944
23  chromedriver                        0x0000000102f742e4 chromedriver + 4129508
24  libsystem_pthread.dylib             0x000000018acb6034 _pthread_start + 136
25  libsystem_pthread.dylib             0x000000018acb0e3c thread_start + 8

