2023-12-29 01:08:32,775 MUC16 - A timeout occurred on page download: Message: 
Stacktrace:
0   chromedriver                        0x00000001044804dc chromedriver + 4162780
1   chromedriver                        0x0000000104478664 chromedriver + 4130404
2   chromedriver                        0x00000001040cfbc0 chromedriver + 293824
3   chromedriver                        0x00000001040b80d8 chromedriver + 196824
4   chromedriver                        0x00000001040b5e84 chromedriver + 188036
5   chromedriver                        0x00000001040b6b30 chromedriver + 191280
6   chromedriver                        0x00000001040de5c4 chromedriver + 353732
7   chromedriver                        0x00000001040d5af0 chromedriver + 318192
8   chromedriver                        0x00000001040d417c chromedriver + 311676
9   chromedriver                        0x00000001040d713c chromedriver + 323900
10  chromedriver                        0x00000001040d7278 chromedriver + 324216
11  chromedriver                        0x0000000104110ca0 chromedriver + 560288
12  chromedriver                        0x000000010410b250 chromedriver + 537168
13  chromedriver                        0x0000000104155ab0 chromedriver + 842416
14  chromedriver                        0x00000001041096bc chromedriver + 530108
15  chromedriver                        0x000000010410a930 chromedriver + 534832
16  chromedriver                        0x0000000104445e08 chromedriver + 3923464
17  chromedriver                        0x000000010444a3dc chromedriver + 3941340
18  chromedriver                        0x000000010442e038 chromedriver + 3825720
19  chromedriver                        0x000000010444af3c chromedriver + 3944252
20  chromedriver                        0x00000001044206f4 chromedriver + 3770100
21  chromedriver                        0x0000000104467980 chromedriver + 4061568
22  chromedriver                        0x0000000104467af8 chromedriver + 4061944
23  chromedriver                        0x00000001044782e4 chromedriver + 4129508
24  libsystem_pthread.dylib             0x000000018acb6034 _pthread_start + 136
25  libsystem_pthread.dylib             0x000000018acb0e3c thread_start + 8

2023-12-29 01:13:44,373 CSMD3 - A timeout occurred on page download: Message: 
Stacktrace:
0   chromedriver                        0x00000001044804dc chromedriver + 4162780
1   chromedriver                        0x0000000104478664 chromedriver + 4130404
2   chromedriver                        0x00000001040cfbc0 chromedriver + 293824
3   chromedriver                        0x00000001040b80d8 chromedriver + 196824
4   chromedriver                        0x00000001040b5e84 chromedriver + 188036
5   chromedriver                        0x00000001040b6b30 chromedriver + 191280
6   chromedriver                        0x00000001040de5c4 chromedriver + 353732
7   chromedriver                        0x00000001040d5af0 chromedriver + 318192
8   chromedriver                        0x00000001040d417c chromedriver + 311676
9   chromedriver                        0x00000001040d713c chromedriver + 323900
10  chromedriver                        0x00000001040d7278 chromedriver + 324216
11  chromedriver                        0x0000000104110ca0 chromedriver + 560288
12  chromedriver                        0x000000010410b250 chromedriver + 537168
13  chromedriver                        0x0000000104155ab0 chromedriver + 842416
14  chromedriver                        0x00000001041096bc chromedriver + 530108
15  chromedriver                        0x000000010410a930 chromedriver + 534832
16  chromedriver                        0x0000000104445e08 chromedriver + 3923464
17  chromedriver                        0x000000010444a3dc chromedriver + 3941340
18  chromedriver                        0x000000010442e038 chromedriver + 3825720
19  chromedriver                        0x000000010444af3c chromedriver + 3944252
20  chromedriver                        0x00000001044206f4 chromedriver + 3770100
21  chromedriver                        0x0000000104467980 chromedriver + 4061568
22  chromedriver                        0x0000000104467af8 chromedriver + 4061944
23  chromedriver                        0x00000001044782e4 chromedriver + 4129508
24  libsystem_pthread.dylib             0x000000018acb6034 _pthread_start + 136
25  libsystem_pthread.dylib             0x000000018acb0e3c thread_start + 8

2023-12-29 01:20:37,526 PIK3CA - A timeout occurred on page download: Message: 

2023-12-29 01:29:03,669 TP53 - A timeout occurred on page download: Message: 
Stacktrace:
0   chromedriver                        0x00000001044804dc chromedriver + 4162780
1   chromedriver                        0x0000000104478664 chromedriver + 4130404
2   chromedriver                        0x00000001040cfbc0 chromedriver + 293824
3   chromedriver                        0x00000001040b80d8 chromedriver + 196824
4   chromedriver                        0x00000001040b5e84 chromedriver + 188036
5   chromedriver                        0x00000001040b6b30 chromedriver + 191280
6   chromedriver                        0x00000001040de5c4 chromedriver + 353732
7   chromedriver                        0x00000001040d5af0 chromedriver + 318192
8   chromedriver                        0x00000001040d417c chromedriver + 311676
9   chromedriver                        0x00000001040d713c chromedriver + 323900
10  chromedriver                        0x00000001040d7278 chromedriver + 324216
11  chromedriver                        0x0000000104110ca0 chromedriver + 560288
12  chromedriver                        0x000000010410b250 chromedriver + 537168
13  chromedriver                        0x0000000104155ab0 chromedriver + 842416
14  chromedriver                        0x00000001041096bc chromedriver + 530108
15  chromedriver                        0x000000010410a930 chromedriver + 534832
16  chromedriver                        0x0000000104445e08 chromedriver + 3923464
17  chromedriver                        0x000000010444a3dc chromedriver + 3941340
18  chromedriver                        0x000000010442e038 chromedriver + 3825720
19  chromedriver                        0x000000010444af3c chromedriver + 3944252
20  chromedriver                        0x00000001044206f4 chromedriver + 3770100
21  chromedriver                        0x0000000104467980 chromedriver + 4061568
22  chromedriver                        0x0000000104467af8 chromedriver + 4061944
23  chromedriver                        0x00000001044782e4 chromedriver + 4129508
24  libsystem_pthread.dylib             0x000000018acb6034 _pthread_start + 136
25  libsystem_pthread.dylib             0x000000018acb0e3c thread_start + 8

2023-12-29 01:31:15,846 FAT3 - A timeout occurred on page download: Message: 
Stacktrace:
0   chromedriver                        0x00000001044804dc chromedriver + 4162780
1   chromedriver                        0x0000000104478664 chromedriver + 4130404
2   chromedriver                        0x00000001040cfbc0 chromedriver + 293824
3   chromedriver                        0x00000001040b80d8 chromedriver + 196824
4   chromedriver                        0x00000001040b5e84 chromedriver + 188036
5   chromedriver                        0x00000001040b6b30 chromedriver + 191280
6   chromedriver                        0x00000001040de5c4 chromedriver + 353732
7   chromedriver                        0x00000001040d5af0 chromedriver + 318192
8   chromedriver                        0x00000001040d417c chromedriver + 311676
9   chromedriver                        0x00000001040d713c chromedriver + 323900
10  chromedriver                        0x00000001040d7278 chromedriver + 324216
11  chromedriver                        0x0000000104110ca0 chromedriver + 560288
12  chromedriver                        0x000000010410b250 chromedriver + 537168
13  chromedriver                        0x0000000104155ab0 chromedriver + 842416
14  chromedriver                        0x00000001041096bc chromedriver + 530108
15  chromedriver                        0x000000010410a930 chromedriver + 534832
16  chromedriver                        0x0000000104445e08 chromedriver + 3923464
17  chromedriver                        0x000000010444a3dc chromedriver + 3941340
18  chromedriver                        0x000000010442e038 chromedriver + 3825720
19  chromedriver                        0x000000010444af3c chromedriver + 3944252
20  chromedriver                        0x00000001044206f4 chromedriver + 3770100
21  chromedriver                        0x0000000104467980 chromedriver + 4061568
22  chromedriver                        0x0000000104467af8 chromedriver + 4061944
23  chromedriver                        0x00000001044782e4 chromedriver + 4129508
24  libsystem_pthread.dylib             0x000000018acb6034 _pthread_start + 136
25  libsystem_pthread.dylib             0x000000018acb0e3c thread_start + 8

2023-12-29 02:41:06,435 LRP1B - A timeout occurred on page download: Message: 
Stacktrace:
0   chromedriver                        0x00000001044804dc chromedriver + 4162780
1   chromedriver                        0x0000000104478664 chromedriver + 4130404
2   chromedriver                        0x00000001040cfbc0 chromedriver + 293824
3   chromedriver                        0x00000001040b80d8 chromedriver + 196824
4   chromedriver                        0x00000001040b5e84 chromedriver + 188036
5   chromedriver                        0x00000001040b6b30 chromedriver + 191280
6   chromedriver                        0x00000001040de5c4 chromedriver + 353732
7   chromedriver                        0x00000001040d5af0 chromedriver + 318192
8   chromedriver                        0x00000001040d417c chromedriver + 311676
9   chromedriver                        0x00000001040d713c chromedriver + 323900
10  chromedriver                        0x00000001040d7278 chromedriver + 324216
11  chromedriver                        0x0000000104110ca0 chromedriver + 560288
12  chromedriver                        0x000000010410b250 chromedriver + 537168
13  chromedriver                        0x0000000104155ab0 chromedriver + 842416
14  chromedriver                        0x00000001041096bc chromedriver + 530108
15  chromedriver                        0x000000010410a930 chromedriver + 534832
16  chromedriver                        0x0000000104445e08 chromedriver + 3923464
17  chromedriver                        0x000000010444a3dc chromedriver + 3941340
18  chromedriver                        0x000000010442e038 chromedriver + 3825720
19  chromedriver                        0x000000010444af3c chromedriver + 3944252
20  chromedriver                        0x00000001044206f4 chromedriver + 3770100
21  chromedriver                        0x0000000104467980 chromedriver + 4061568
22  chromedriver                        0x0000000104467af8 chromedriver + 4061944
23  chromedriver                        0x00000001044782e4 chromedriver + 4129508
24  libsystem_pthread.dylib             0x000000018acb6034 _pthread_start + 136
25  libsystem_pthread.dylib             0x000000018acb0e3c thread_start + 8

