2023-12-29 01:19:35,326 FAT4 - A timeout occurred on page download: Message: 
Stacktrace:
0   chromedriver                        0x0000000104a384dc chromedriver + 4162780
1   chromedriver                        0x0000000104a30664 chromedriver + 4130404
2   chromedriver                        0x0000000104687bc0 chromedriver + 293824
3   chromedriver                        0x00000001046700d8 chromedriver + 196824
4   chromedriver                        0x000000010466de84 chromedriver + 188036
5   chromedriver                        0x000000010466eb30 chromedriver + 191280
6   chromedriver                        0x00000001046965c4 chromedriver + 353732
7   chromedriver                        0x000000010468daf0 chromedriver + 318192
8   chromedriver                        0x000000010468c17c chromedriver + 311676
9   chromedriver                        0x000000010468f13c chromedriver + 323900
10  chromedriver                        0x000000010468f278 chromedriver + 324216
11  chromedriver                        0x00000001046c8ca0 chromedriver + 560288
12  chromedriver                        0x00000001046c3250 chromedriver + 537168
13  chromedriver                        0x000000010470dab0 chromedriver + 842416
14  chromedriver                        0x00000001046c16bc chromedriver + 530108
15  chromedriver                        0x00000001046c2930 chromedriver + 534832
16  chromedriver                        0x00000001049fde08 chromedriver + 3923464
17  chromedriver                        0x0000000104a023dc chromedriver + 3941340
18  chromedriver                        0x00000001049e6038 chromedriver + 3825720
19  chromedriver                        0x0000000104a02f3c chromedriver + 3944252
20  chromedriver                        0x00000001049d86f4 chromedriver + 3770100
21  chromedriver                        0x0000000104a1f980 chromedriver + 4061568
22  chromedriver                        0x0000000104a1faf8 chromedriver + 4061944
23  chromedriver                        0x0000000104a302e4 chromedriver + 4129508
24  libsystem_pthread.dylib             0x000000018acb6034 _pthread_start + 136
25  libsystem_pthread.dylib             0x000000018acb0e3c thread_start + 8

2023-12-29 01:26:43,273 CSMD3 - A timeout occurred on page download: Message: 
Stacktrace:
0   chromedriver                        0x0000000104a384dc chromedriver + 4162780
1   chromedriver                        0x0000000104a30664 chromedriver + 4130404
2   chromedriver                        0x0000000104687bc0 chromedriver + 293824
3   chromedriver                        0x00000001046700d8 chromedriver + 196824
4   chromedriver                        0x000000010466de84 chromedriver + 188036
5   chromedriver                        0x000000010466eb30 chromedriver + 191280
6   chromedriver                        0x00000001046965c4 chromedriver + 353732
7   chromedriver                        0x000000010468daf0 chromedriver + 318192
8   chromedriver                        0x000000010468c17c chromedriver + 311676
9   chromedriver                        0x000000010468f13c chromedriver + 323900
10  chromedriver                        0x000000010468f278 chromedriver + 324216
11  chromedriver                        0x00000001046c8ca0 chromedriver + 560288
12  chromedriver                        0x00000001046c3250 chromedriver + 537168
13  chromedriver                        0x000000010470dab0 chromedriver + 842416
14  chromedriver                        0x00000001046c16bc chromedriver + 530108
15  chromedriver                        0x00000001046c2930 chromedriver + 534832
16  chromedriver                        0x00000001049fde08 chromedriver + 3923464
17  chromedriver                        0x0000000104a023dc chromedriver + 3941340
18  chromedriver                        0x00000001049e6038 chromedriver + 3825720
19  chromedriver                        0x0000000104a02f3c chromedriver + 3944252
20  chromedriver                        0x00000001049d86f4 chromedriver + 3770100
21  chromedriver                        0x0000000104a1f980 chromedriver + 4061568
22  chromedriver                        0x0000000104a1faf8 chromedriver + 4061944
23  chromedriver                        0x0000000104a302e4 chromedriver + 4129508
24  libsystem_pthread.dylib             0x000000018acb6034 _pthread_start + 136
25  libsystem_pthread.dylib             0x000000018acb0e3c thread_start + 8

2023-12-29 01:34:23,976 LRP1B - A timeout occurred on page download: Message: 
Stacktrace:
0   chromedriver                        0x0000000104a384dc chromedriver + 4162780
1   chromedriver                        0x0000000104a30664 chromedriver + 4130404
2   chromedriver                        0x0000000104687bc0 chromedriver + 293824
3   chromedriver                        0x00000001046700d8 chromedriver + 196824
4   chromedriver                        0x000000010466de84 chromedriver + 188036
5   chromedriver                        0x000000010466eb30 chromedriver + 191280
6   chromedriver                        0x00000001046965c4 chromedriver + 353732
7   chromedriver                        0x000000010468daf0 chromedriver + 318192
8   chromedriver                        0x000000010468c17c chromedriver + 311676
9   chromedriver                        0x000000010468f13c chromedriver + 323900
10  chromedriver                        0x000000010468f278 chromedriver + 324216
11  chromedriver                        0x00000001046c8ca0 chromedriver + 560288
12  chromedriver                        0x00000001046c3250 chromedriver + 537168
13  chromedriver                        0x000000010470dab0 chromedriver + 842416
14  chromedriver                        0x00000001046c16bc chromedriver + 530108
15  chromedriver                        0x00000001046c2930 chromedriver + 534832
16  chromedriver                        0x00000001049fde08 chromedriver + 3923464
17  chromedriver                        0x0000000104a023dc chromedriver + 3941340
18  chromedriver                        0x00000001049e6038 chromedriver + 3825720
19  chromedriver                        0x0000000104a02f3c chromedriver + 3944252
20  chromedriver                        0x00000001049d86f4 chromedriver + 3770100
21  chromedriver                        0x0000000104a1f980 chromedriver + 4061568
22  chromedriver                        0x0000000104a1faf8 chromedriver + 4061944
23  chromedriver                        0x0000000104a302e4 chromedriver + 4129508
24  libsystem_pthread.dylib             0x000000018acb6034 _pthread_start + 136
25  libsystem_pthread.dylib             0x000000018acb0e3c thread_start + 8

