2023-12-29 01:09:31,758 TP53 - A timeout occurred on page download: Message: 
Stacktrace:
0   chromedriver                        0x00000001005cc4dc chromedriver + 4162780
1   chromedriver                        0x00000001005c4664 chromedriver + 4130404
2   chromedriver                        0x000000010021bbc0 chromedriver + 293824
3   chromedriver                        0x00000001002040d8 chromedriver + 196824
4   chromedriver                        0x0000000100201e84 chromedriver + 188036
5   chromedriver                        0x0000000100202b30 chromedriver + 191280
6   chromedriver                        0x000000010022a5c4 chromedriver + 353732
7   chromedriver                        0x0000000100221af0 chromedriver + 318192
8   chromedriver                        0x000000010022017c chromedriver + 311676
9   chromedriver                        0x000000010022313c chromedriver + 323900
10  chromedriver                        0x0000000100223278 chromedriver + 324216
11  chromedriver                        0x000000010025cca0 chromedriver + 560288
12  chromedriver                        0x0000000100257250 chromedriver + 537168
13  chromedriver                        0x00000001002a1ab0 chromedriver + 842416
14  chromedriver                        0x00000001002556bc chromedriver + 530108
15  chromedriver                        0x0000000100256930 chromedriver + 534832
16  chromedriver                        0x0000000100591e08 chromedriver + 3923464
17  chromedriver                        0x00000001005963dc chromedriver + 3941340
18  chromedriver                        0x000000010057a038 chromedriver + 3825720
19  chromedriver                        0x0000000100596f3c chromedriver + 3944252
20  chromedriver                        0x000000010056c6f4 chromedriver + 3770100
21  chromedriver                        0x00000001005b3980 chromedriver + 4061568
22  chromedriver                        0x00000001005b3af8 chromedriver + 4061944
23  chromedriver                        0x00000001005c42e4 chromedriver + 4129508
24  libsystem_pthread.dylib             0x000000018acb6034 _pthread_start + 136
25  libsystem_pthread.dylib             0x000000018acb0e3c thread_start + 8

2023-12-29 01:14:28,278 MUC16 - A timeout occurred on page download: Message: 
Stacktrace:
0   chromedriver                        0x00000001005cc4dc chromedriver + 4162780
1   chromedriver                        0x00000001005c4664 chromedriver + 4130404
2   chromedriver                        0x000000010021bbc0 chromedriver + 293824
3   chromedriver                        0x00000001002040d8 chromedriver + 196824
4   chromedriver                        0x0000000100201e84 chromedriver + 188036
5   chromedriver                        0x0000000100202b30 chromedriver + 191280
6   chromedriver                        0x000000010022a5c4 chromedriver + 353732
7   chromedriver                        0x0000000100221af0 chromedriver + 318192
8   chromedriver                        0x000000010022017c chromedriver + 311676
9   chromedriver                        0x000000010022313c chromedriver + 323900
10  chromedriver                        0x0000000100223278 chromedriver + 324216
11  chromedriver                        0x000000010025cca0 chromedriver + 560288
12  chromedriver                        0x0000000100257250 chromedriver + 537168
13  chromedriver                        0x00000001002a1ab0 chromedriver + 842416
14  chromedriver                        0x00000001002556bc chromedriver + 530108
15  chromedriver                        0x0000000100256930 chromedriver + 534832
16  chromedriver                        0x0000000100591e08 chromedriver + 3923464
17  chromedriver                        0x00000001005963dc chromedriver + 3941340
18  chromedriver                        0x000000010057a038 chromedriver + 3825720
19  chromedriver                        0x0000000100596f3c chromedriver + 3944252
20  chromedriver                        0x000000010056c6f4 chromedriver + 3770100
21  chromedriver                        0x00000001005b3980 chromedriver + 4061568
22  chromedriver                        0x00000001005b3af8 chromedriver + 4061944
23  chromedriver                        0x00000001005c42e4 chromedriver + 4129508
24  libsystem_pthread.dylib             0x000000018acb6034 _pthread_start + 136
25  libsystem_pthread.dylib             0x000000018acb0e3c thread_start + 8

2023-12-29 01:20:36,605 FAT4 - A timeout occurred on page download: Message: 

2023-12-29 02:13:10,824 SALL4 - A timeout occurred on page download: Message: 
Stacktrace:
0   chromedriver                        0x00000001005cc4dc chromedriver + 4162780
1   chromedriver                        0x00000001005c4664 chromedriver + 4130404
2   chromedriver                        0x000000010021bbc0 chromedriver + 293824
3   chromedriver                        0x00000001002040d8 chromedriver + 196824
4   chromedriver                        0x0000000100201e84 chromedriver + 188036
5   chromedriver                        0x0000000100202b30 chromedriver + 191280
6   chromedriver                        0x000000010022a5c4 chromedriver + 353732
7   chromedriver                        0x0000000100221af0 chromedriver + 318192
8   chromedriver                        0x000000010022017c chromedriver + 311676
9   chromedriver                        0x000000010022313c chromedriver + 323900
10  chromedriver                        0x0000000100223278 chromedriver + 324216
11  chromedriver                        0x000000010025cca0 chromedriver + 560288
12  chromedriver                        0x0000000100257250 chromedriver + 537168
13  chromedriver                        0x00000001002a1ab0 chromedriver + 842416
14  chromedriver                        0x00000001002556bc chromedriver + 530108
15  chromedriver                        0x0000000100256930 chromedriver + 534832
16  chromedriver                        0x0000000100591e08 chromedriver + 3923464
17  chromedriver                        0x00000001005963dc chromedriver + 3941340
18  chromedriver                        0x000000010057a038 chromedriver + 3825720
19  chromedriver                        0x0000000100596f3c chromedriver + 3944252
20  chromedriver                        0x000000010056c6f4 chromedriver + 3770100
21  chromedriver                        0x00000001005b3980 chromedriver + 4061568
22  chromedriver                        0x00000001005b3af8 chromedriver + 4061944
23  chromedriver                        0x00000001005c42e4 chromedriver + 4129508
24  libsystem_pthread.dylib             0x000000018acb6034 _pthread_start + 136
25  libsystem_pthread.dylib             0x000000018acb0e3c thread_start + 8

2023-12-29 02:27:00,298 NOTCH1 - A timeout occurred on page download: Message: 
Stacktrace:
0   chromedriver                        0x00000001005cc4dc chromedriver + 4162780
1   chromedriver                        0x00000001005c4664 chromedriver + 4130404
2   chromedriver                        0x000000010021bbc0 chromedriver + 293824
3   chromedriver                        0x00000001002040d8 chromedriver + 196824
4   chromedriver                        0x0000000100201e84 chromedriver + 188036
5   chromedriver                        0x0000000100202b30 chromedriver + 191280
6   chromedriver                        0x000000010022a5c4 chromedriver + 353732
7   chromedriver                        0x0000000100221af0 chromedriver + 318192
8   chromedriver                        0x000000010022017c chromedriver + 311676
9   chromedriver                        0x000000010022313c chromedriver + 323900
10  chromedriver                        0x0000000100223278 chromedriver + 324216
11  chromedriver                        0x000000010025cca0 chromedriver + 560288
12  chromedriver                        0x0000000100257250 chromedriver + 537168
13  chromedriver                        0x00000001002a1ab0 chromedriver + 842416
14  chromedriver                        0x00000001002556bc chromedriver + 530108
15  chromedriver                        0x0000000100256930 chromedriver + 534832
16  chromedriver                        0x0000000100591e08 chromedriver + 3923464
17  chromedriver                        0x00000001005963dc chromedriver + 3941340
18  chromedriver                        0x000000010057a038 chromedriver + 3825720
19  chromedriver                        0x0000000100596f3c chromedriver + 3944252
20  chromedriver                        0x000000010056c6f4 chromedriver + 3770100
21  chromedriver                        0x00000001005b3980 chromedriver + 4061568
22  chromedriver                        0x00000001005b3af8 chromedriver + 4061944
23  chromedriver                        0x00000001005c42e4 chromedriver + 4129508
24  libsystem_pthread.dylib             0x000000018acb6034 _pthread_start + 136
25  libsystem_pthread.dylib             0x000000018acb0e3c thread_start + 8

2023-12-29 02:34:23,296 ALK - A timeout occurred on page download: Message: 
Stacktrace:
0   chromedriver                        0x00000001005cc4dc chromedriver + 4162780
1   chromedriver                        0x00000001005c4664 chromedriver + 4130404
2   chromedriver                        0x000000010021bbc0 chromedriver + 293824
3   chromedriver                        0x00000001002040d8 chromedriver + 196824
4   chromedriver                        0x0000000100201e84 chromedriver + 188036
5   chromedriver                        0x0000000100202b30 chromedriver + 191280
6   chromedriver                        0x000000010022a5c4 chromedriver + 353732
7   chromedriver                        0x0000000100221af0 chromedriver + 318192
8   chromedriver                        0x000000010022017c chromedriver + 311676
9   chromedriver                        0x000000010022313c chromedriver + 323900
10  chromedriver                        0x0000000100223278 chromedriver + 324216
11  chromedriver                        0x000000010025cca0 chromedriver + 560288
12  chromedriver                        0x0000000100257250 chromedriver + 537168
13  chromedriver                        0x00000001002a1ab0 chromedriver + 842416
14  chromedriver                        0x00000001002556bc chromedriver + 530108
15  chromedriver                        0x0000000100256930 chromedriver + 534832
16  chromedriver                        0x0000000100591e08 chromedriver + 3923464
17  chromedriver                        0x00000001005963dc chromedriver + 3941340
18  chromedriver                        0x000000010057a038 chromedriver + 3825720
19  chromedriver                        0x0000000100596f3c chromedriver + 3944252
20  chromedriver                        0x000000010056c6f4 chromedriver + 3770100
21  chromedriver                        0x00000001005b3980 chromedriver + 4061568
22  chromedriver                        0x00000001005b3af8 chromedriver + 4061944
23  chromedriver                        0x00000001005c42e4 chromedriver + 4129508
24  libsystem_pthread.dylib             0x000000018acb6034 _pthread_start + 136
25  libsystem_pthread.dylib             0x000000018acb0e3c thread_start + 8

2023-12-29 02:43:59,231 TP63 - A timeout occurred on page download: Message: 

2023-12-29 02:56:33,235 ARHGAP5 - A timeout occurred on page download: Message: 
Stacktrace:
0   chromedriver                        0x00000001005cc4dc chromedriver + 4162780
1   chromedriver                        0x00000001005c4664 chromedriver + 4130404
2   chromedriver                        0x000000010021bbc0 chromedriver + 293824
3   chromedriver                        0x00000001002040d8 chromedriver + 196824
4   chromedriver                        0x0000000100201e84 chromedriver + 188036
5   chromedriver                        0x0000000100202b30 chromedriver + 191280
6   chromedriver                        0x000000010022a5c4 chromedriver + 353732
7   chromedriver                        0x0000000100221af0 chromedriver + 318192
8   chromedriver                        0x000000010022017c chromedriver + 311676
9   chromedriver                        0x000000010022313c chromedriver + 323900
10  chromedriver                        0x0000000100223278 chromedriver + 324216
11  chromedriver                        0x000000010025cca0 chromedriver + 560288
12  chromedriver                        0x0000000100257250 chromedriver + 537168
13  chromedriver                        0x00000001002a1ab0 chromedriver + 842416
14  chromedriver                        0x00000001002556bc chromedriver + 530108
15  chromedriver                        0x0000000100256930 chromedriver + 534832
16  chromedriver                        0x0000000100591e08 chromedriver + 3923464
17  chromedriver                        0x00000001005963dc chromedriver + 3941340
18  chromedriver                        0x000000010057a038 chromedriver + 3825720
19  chromedriver                        0x0000000100596f3c chromedriver + 3944252
20  chromedriver                        0x000000010056c6f4 chromedriver + 3770100
21  chromedriver                        0x00000001005b3980 chromedriver + 4061568
22  chromedriver                        0x00000001005b3af8 chromedriver + 4061944
23  chromedriver                        0x00000001005c42e4 chromedriver + 4129508
24  libsystem_pthread.dylib             0x000000018acb6034 _pthread_start + 136
25  libsystem_pthread.dylib             0x000000018acb0e3c thread_start + 8

