2023-12-29 01:20:36,771 KMT2C - A timeout occurred on page download: Message: 

2023-12-29 01:23:28,882 FAT4 - A timeout occurred on page download: Message: 
Stacktrace:
0   chromedriver                        0x00000001008244dc chromedriver + 4162780
1   chromedriver                        0x000000010081c664 chromedriver + 4130404
2   chromedriver                        0x0000000100473bc0 chromedriver + 293824
3   chromedriver                        0x000000010045c0d8 chromedriver + 196824
4   chromedriver                        0x0000000100459e84 chromedriver + 188036
5   chromedriver                        0x000000010045ab30 chromedriver + 191280
6   chromedriver                        0x00000001004825c4 chromedriver + 353732
7   chromedriver                        0x0000000100479af0 chromedriver + 318192
8   chromedriver                        0x000000010047817c chromedriver + 311676
9   chromedriver                        0x000000010047b13c chromedriver + 323900
10  chromedriver                        0x000000010047b278 chromedriver + 324216
11  chromedriver                        0x00000001004b4ca0 chromedriver + 560288
12  chromedriver                        0x00000001004af250 chromedriver + 537168
13  chromedriver                        0x00000001004f9ab0 chromedriver + 842416
14  chromedriver                        0x00000001004ad6bc chromedriver + 530108
15  chromedriver                        0x00000001004ae930 chromedriver + 534832
16  chromedriver                        0x00000001007e9e08 chromedriver + 3923464
17  chromedriver                        0x00000001007ee3dc chromedriver + 3941340
18  chromedriver                        0x00000001007d2038 chromedriver + 3825720
19  chromedriver                        0x00000001007eef3c chromedriver + 3944252
20  chromedriver                        0x00000001007c46f4 chromedriver + 3770100
21  chromedriver                        0x000000010080b980 chromedriver + 4061568
22  chromedriver                        0x000000010080baf8 chromedriver + 4061944
23  chromedriver                        0x000000010081c2e4 chromedriver + 4129508
24  libsystem_pthread.dylib             0x000000018acb6034 _pthread_start + 136
25  libsystem_pthread.dylib             0x000000018acb0e3c thread_start + 8

2023-12-29 02:40:17,993 KDM5A - A timeout occurred on page download: Message: 
Stacktrace:
0   chromedriver                        0x00000001008244dc chromedriver + 4162780
1   chromedriver                        0x000000010081c664 chromedriver + 4130404
2   chromedriver                        0x0000000100473bc0 chromedriver + 293824
3   chromedriver                        0x000000010045c0d8 chromedriver + 196824
4   chromedriver                        0x0000000100459e84 chromedriver + 188036
5   chromedriver                        0x000000010045ab30 chromedriver + 191280
6   chromedriver                        0x00000001004825c4 chromedriver + 353732
7   chromedriver                        0x0000000100479af0 chromedriver + 318192
8   chromedriver                        0x000000010047817c chromedriver + 311676
9   chromedriver                        0x000000010047b13c chromedriver + 323900
10  chromedriver                        0x000000010047b278 chromedriver + 324216
11  chromedriver                        0x00000001004b4ca0 chromedriver + 560288
12  chromedriver                        0x00000001004af250 chromedriver + 537168
13  chromedriver                        0x00000001004f9ab0 chromedriver + 842416
14  chromedriver                        0x00000001004ad6bc chromedriver + 530108
15  chromedriver                        0x00000001004ae930 chromedriver + 534832
16  chromedriver                        0x00000001007e9e08 chromedriver + 3923464
17  chromedriver                        0x00000001007ee3dc chromedriver + 3941340
18  chromedriver                        0x00000001007d2038 chromedriver + 3825720
19  chromedriver                        0x00000001007eef3c chromedriver + 3944252
20  chromedriver                        0x00000001007c46f4 chromedriver + 3770100
21  chromedriver                        0x000000010080b980 chromedriver + 4061568
22  chromedriver                        0x000000010080baf8 chromedriver + 4061944
23  chromedriver                        0x000000010081c2e4 chromedriver + 4129508
24  libsystem_pthread.dylib             0x000000018acb6034 _pthread_start + 136
25  libsystem_pthread.dylib             0x000000018acb0e3c thread_start + 8

2023-12-29 02:51:37,175 NRG1 - A timeout occurred on page download: Message: 
Stacktrace:
0   chromedriver                        0x00000001008244dc chromedriver + 4162780
1   chromedriver                        0x000000010081c664 chromedriver + 4130404
2   chromedriver                        0x0000000100473bc0 chromedriver + 293824
3   chromedriver                        0x000000010045c0d8 chromedriver + 196824
4   chromedriver                        0x0000000100459e84 chromedriver + 188036
5   chromedriver                        0x000000010045ab30 chromedriver + 191280
6   chromedriver                        0x00000001004825c4 chromedriver + 353732
7   chromedriver                        0x0000000100479af0 chromedriver + 318192
8   chromedriver                        0x000000010047817c chromedriver + 311676
9   chromedriver                        0x000000010047b13c chromedriver + 323900
10  chromedriver                        0x000000010047b278 chromedriver + 324216
11  chromedriver                        0x00000001004b4ca0 chromedriver + 560288
12  chromedriver                        0x00000001004af250 chromedriver + 537168
13  chromedriver                        0x00000001004f9ab0 chromedriver + 842416
14  chromedriver                        0x00000001004ad6bc chromedriver + 530108
15  chromedriver                        0x00000001004ae930 chromedriver + 534832
16  chromedriver                        0x00000001007e9e08 chromedriver + 3923464
17  chromedriver                        0x00000001007ee3dc chromedriver + 3941340
18  chromedriver                        0x00000001007d2038 chromedriver + 3825720
19  chromedriver                        0x00000001007eef3c chromedriver + 3944252
20  chromedriver                        0x00000001007c46f4 chromedriver + 3770100
21  chromedriver                        0x000000010080b980 chromedriver + 4061568
22  chromedriver                        0x000000010080baf8 chromedriver + 4061944
23  chromedriver                        0x000000010081c2e4 chromedriver + 4129508
24  libsystem_pthread.dylib             0x000000018acb6034 _pthread_start + 136
25  libsystem_pthread.dylib             0x000000018acb0e3c thread_start + 8

2023-12-29 02:59:11,386 STIL - A timeout occurred on page download: Message: 
Stacktrace:
0   chromedriver                        0x00000001008244dc chromedriver + 4162780
1   chromedriver                        0x000000010081c664 chromedriver + 4130404
2   chromedriver                        0x0000000100473bc0 chromedriver + 293824
3   chromedriver                        0x000000010045c0d8 chromedriver + 196824
4   chromedriver                        0x0000000100459e84 chromedriver + 188036
5   chromedriver                        0x000000010045ab30 chromedriver + 191280
6   chromedriver                        0x00000001004825c4 chromedriver + 353732
7   chromedriver                        0x0000000100479af0 chromedriver + 318192
8   chromedriver                        0x000000010047817c chromedriver + 311676
9   chromedriver                        0x000000010047b13c chromedriver + 323900
10  chromedriver                        0x000000010047b278 chromedriver + 324216
11  chromedriver                        0x00000001004b4ca0 chromedriver + 560288
12  chromedriver                        0x00000001004af250 chromedriver + 537168
13  chromedriver                        0x00000001004f9ab0 chromedriver + 842416
14  chromedriver                        0x00000001004ad6bc chromedriver + 530108
15  chromedriver                        0x00000001004ae930 chromedriver + 534832
16  chromedriver                        0x00000001007e9e08 chromedriver + 3923464
17  chromedriver                        0x00000001007ee3dc chromedriver + 3941340
18  chromedriver                        0x00000001007d2038 chromedriver + 3825720
19  chromedriver                        0x00000001007eef3c chromedriver + 3944252
20  chromedriver                        0x00000001007c46f4 chromedriver + 3770100
21  chromedriver                        0x000000010080b980 chromedriver + 4061568
22  chromedriver                        0x000000010080baf8 chromedriver + 4061944
23  chromedriver                        0x000000010081c2e4 chromedriver + 4129508
24  libsystem_pthread.dylib             0x000000018acb6034 _pthread_start + 136
25  libsystem_pthread.dylib             0x000000018acb0e3c thread_start + 8

2023-12-29 03:01:53,353 POT1 - A timeout occurred on page download: Message: 
Stacktrace:
0   chromedriver                        0x00000001008244dc chromedriver + 4162780
1   chromedriver                        0x000000010081c664 chromedriver + 4130404
2   chromedriver                        0x0000000100473bc0 chromedriver + 293824
3   chromedriver                        0x000000010045c0d8 chromedriver + 196824
4   chromedriver                        0x0000000100459e84 chromedriver + 188036
5   chromedriver                        0x000000010045ab30 chromedriver + 191280
6   chromedriver                        0x00000001004825c4 chromedriver + 353732
7   chromedriver                        0x0000000100479af0 chromedriver + 318192
8   chromedriver                        0x000000010047817c chromedriver + 311676
9   chromedriver                        0x000000010047b13c chromedriver + 323900
10  chromedriver                        0x000000010047b278 chromedriver + 324216
11  chromedriver                        0x00000001004b4ca0 chromedriver + 560288
12  chromedriver                        0x00000001004af250 chromedriver + 537168
13  chromedriver                        0x00000001004f9ab0 chromedriver + 842416
14  chromedriver                        0x00000001004ad6bc chromedriver + 530108
15  chromedriver                        0x00000001004ae930 chromedriver + 534832
16  chromedriver                        0x00000001007e9e08 chromedriver + 3923464
17  chromedriver                        0x00000001007ee3dc chromedriver + 3941340
18  chromedriver                        0x00000001007d2038 chromedriver + 3825720
19  chromedriver                        0x00000001007eef3c chromedriver + 3944252
20  chromedriver                        0x00000001007c46f4 chromedriver + 3770100
21  chromedriver                        0x000000010080b980 chromedriver + 4061568
22  chromedriver                        0x000000010080baf8 chromedriver + 4061944
23  chromedriver                        0x000000010081c2e4 chromedriver + 4129508
24  libsystem_pthread.dylib             0x000000018acb6034 _pthread_start + 136
25  libsystem_pthread.dylib             0x000000018acb0e3c thread_start + 8

2023-12-29 03:09:04,004 ABL1 - A timeout occurred on page download: Message: 
Stacktrace:
0   chromedriver                        0x00000001008244dc chromedriver + 4162780
1   chromedriver                        0x000000010081c664 chromedriver + 4130404
2   chromedriver                        0x0000000100473bc0 chromedriver + 293824
3   chromedriver                        0x000000010045c0d8 chromedriver + 196824
4   chromedriver                        0x0000000100459e84 chromedriver + 188036
5   chromedriver                        0x000000010045ab30 chromedriver + 191280
6   chromedriver                        0x00000001004825c4 chromedriver + 353732
7   chromedriver                        0x0000000100479af0 chromedriver + 318192
8   chromedriver                        0x000000010047817c chromedriver + 311676
9   chromedriver                        0x000000010047b13c chromedriver + 323900
10  chromedriver                        0x000000010047b278 chromedriver + 324216
11  chromedriver                        0x00000001004b4ca0 chromedriver + 560288
12  chromedriver                        0x00000001004af250 chromedriver + 537168
13  chromedriver                        0x00000001004f9ab0 chromedriver + 842416
14  chromedriver                        0x00000001004ad6bc chromedriver + 530108
15  chromedriver                        0x00000001004ae930 chromedriver + 534832
16  chromedriver                        0x00000001007e9e08 chromedriver + 3923464
17  chromedriver                        0x00000001007ee3dc chromedriver + 3941340
18  chromedriver                        0x00000001007d2038 chromedriver + 3825720
19  chromedriver                        0x00000001007eef3c chromedriver + 3944252
20  chromedriver                        0x00000001007c46f4 chromedriver + 3770100
21  chromedriver                        0x000000010080b980 chromedriver + 4061568
22  chromedriver                        0x000000010080baf8 chromedriver + 4061944
23  chromedriver                        0x000000010081c2e4 chromedriver + 4129508
24  libsystem_pthread.dylib             0x000000018acb6034 _pthread_start + 136
25  libsystem_pthread.dylib             0x000000018acb0e3c thread_start + 8

