2023-12-29 01:11:55,258 MUC16 - A timeout occurred on page download: Message: 
Stacktrace:
0   chromedriver                        0x00000001053704dc chromedriver + 4162780
1   chromedriver                        0x0000000105368664 chromedriver + 4130404
2   chromedriver                        0x0000000104fbfbc0 chromedriver + 293824
3   chromedriver                        0x0000000104fa80d8 chromedriver + 196824
4   chromedriver                        0x0000000104fa5e84 chromedriver + 188036
5   chromedriver                        0x0000000104fa6b30 chromedriver + 191280
6   chromedriver                        0x0000000104fce5c4 chromedriver + 353732
7   chromedriver                        0x0000000104fc5af0 chromedriver + 318192
8   chromedriver                        0x0000000104fc417c chromedriver + 311676
9   chromedriver                        0x0000000104fc713c chromedriver + 323900
10  chromedriver                        0x0000000104fc7278 chromedriver + 324216
11  chromedriver                        0x0000000105000ca0 chromedriver + 560288
12  chromedriver                        0x0000000104ffb250 chromedriver + 537168
13  chromedriver                        0x0000000105045ab0 chromedriver + 842416
14  chromedriver                        0x0000000104ff96bc chromedriver + 530108
15  chromedriver                        0x0000000104ffa930 chromedriver + 534832
16  chromedriver                        0x0000000105335e08 chromedriver + 3923464
17  chromedriver                        0x000000010533a3dc chromedriver + 3941340
18  chromedriver                        0x000000010531e038 chromedriver + 3825720
19  chromedriver                        0x000000010533af3c chromedriver + 3944252
20  chromedriver                        0x00000001053106f4 chromedriver + 3770100
21  chromedriver                        0x0000000105357980 chromedriver + 4061568
22  chromedriver                        0x0000000105357af8 chromedriver + 4061944
23  chromedriver                        0x00000001053682e4 chromedriver + 4129508
24  libsystem_pthread.dylib             0x000000018acb6034 _pthread_start + 136
25  libsystem_pthread.dylib             0x000000018acb0e3c thread_start + 8

2023-12-29 01:24:02,913 KMT2D - A timeout occurred on page download: Message: 
Stacktrace:
0   chromedriver                        0x00000001053704dc chromedriver + 4162780
1   chromedriver                        0x0000000105368664 chromedriver + 4130404
2   chromedriver                        0x0000000104fbfbc0 chromedriver + 293824
3   chromedriver                        0x0000000104fa80d8 chromedriver + 196824
4   chromedriver                        0x0000000104fa5e84 chromedriver + 188036
5   chromedriver                        0x0000000104fa6b30 chromedriver + 191280
6   chromedriver                        0x0000000104fce5c4 chromedriver + 353732
7   chromedriver                        0x0000000104fc5af0 chromedriver + 318192
8   chromedriver                        0x0000000104fc417c chromedriver + 311676
9   chromedriver                        0x0000000104fc713c chromedriver + 323900
10  chromedriver                        0x0000000104fc7278 chromedriver + 324216
11  chromedriver                        0x0000000105000ca0 chromedriver + 560288
12  chromedriver                        0x0000000104ffb250 chromedriver + 537168
13  chromedriver                        0x0000000105045ab0 chromedriver + 842416
14  chromedriver                        0x0000000104ff96bc chromedriver + 530108
15  chromedriver                        0x0000000104ffa930 chromedriver + 534832
16  chromedriver                        0x0000000105335e08 chromedriver + 3923464
17  chromedriver                        0x000000010533a3dc chromedriver + 3941340
18  chromedriver                        0x000000010531e038 chromedriver + 3825720
19  chromedriver                        0x000000010533af3c chromedriver + 3944252
20  chromedriver                        0x00000001053106f4 chromedriver + 3770100
21  chromedriver                        0x0000000105357980 chromedriver + 4061568
22  chromedriver                        0x0000000105357af8 chromedriver + 4061944
23  chromedriver                        0x00000001053682e4 chromedriver + 4129508
24  libsystem_pthread.dylib             0x000000018acb6034 _pthread_start + 136
25  libsystem_pthread.dylib             0x000000018acb0e3c thread_start + 8

2023-12-29 02:25:34,873 NACA - A timeout occurred on page download: Message: 
Stacktrace:
0   chromedriver                        0x00000001053704dc chromedriver + 4162780
1   chromedriver                        0x0000000105368664 chromedriver + 4130404
2   chromedriver                        0x0000000104fbfbc0 chromedriver + 293824
3   chromedriver                        0x0000000104fa80d8 chromedriver + 196824
4   chromedriver                        0x0000000104fa5e84 chromedriver + 188036
5   chromedriver                        0x0000000104fa6b30 chromedriver + 191280
6   chromedriver                        0x0000000104fce5c4 chromedriver + 353732
7   chromedriver                        0x0000000104fc5af0 chromedriver + 318192
8   chromedriver                        0x0000000104fc417c chromedriver + 311676
9   chromedriver                        0x0000000104fc713c chromedriver + 323900
10  chromedriver                        0x0000000104fc7278 chromedriver + 324216
11  chromedriver                        0x0000000105000ca0 chromedriver + 560288
12  chromedriver                        0x0000000104ffb250 chromedriver + 537168
13  chromedriver                        0x0000000105045ab0 chromedriver + 842416
14  chromedriver                        0x0000000104ff96bc chromedriver + 530108
15  chromedriver                        0x0000000104ffa930 chromedriver + 534832
16  chromedriver                        0x0000000105335e08 chromedriver + 3923464
17  chromedriver                        0x000000010533a3dc chromedriver + 3941340
18  chromedriver                        0x000000010531e038 chromedriver + 3825720
19  chromedriver                        0x000000010533af3c chromedriver + 3944252
20  chromedriver                        0x00000001053106f4 chromedriver + 3770100
21  chromedriver                        0x0000000105357980 chromedriver + 4061568
22  chromedriver                        0x0000000105357af8 chromedriver + 4061944
23  chromedriver                        0x00000001053682e4 chromedriver + 4129508
24  libsystem_pthread.dylib             0x000000018acb6034 _pthread_start + 136
25  libsystem_pthread.dylib             0x000000018acb0e3c thread_start + 8

2023-12-29 02:40:06,641 PIK3R1 - A timeout occurred on page download: Message: 
Stacktrace:
0   chromedriver                        0x00000001053704dc chromedriver + 4162780
1   chromedriver                        0x0000000105368664 chromedriver + 4130404
2   chromedriver                        0x0000000104fbfbc0 chromedriver + 293824
3   chromedriver                        0x0000000104fa80d8 chromedriver + 196824
4   chromedriver                        0x0000000104fa5e84 chromedriver + 188036
5   chromedriver                        0x0000000104fa6b30 chromedriver + 191280
6   chromedriver                        0x0000000104fce5c4 chromedriver + 353732
7   chromedriver                        0x0000000104fc5af0 chromedriver + 318192
8   chromedriver                        0x0000000104fc417c chromedriver + 311676
9   chromedriver                        0x0000000104fc713c chromedriver + 323900
10  chromedriver                        0x0000000104fc7278 chromedriver + 324216
11  chromedriver                        0x0000000105000ca0 chromedriver + 560288
12  chromedriver                        0x0000000104ffb250 chromedriver + 537168
13  chromedriver                        0x0000000105045ab0 chromedriver + 842416
14  chromedriver                        0x0000000104ff96bc chromedriver + 530108
15  chromedriver                        0x0000000104ffa930 chromedriver + 534832
16  chromedriver                        0x0000000105335e08 chromedriver + 3923464
17  chromedriver                        0x000000010533a3dc chromedriver + 3941340
18  chromedriver                        0x000000010531e038 chromedriver + 3825720
19  chromedriver                        0x000000010533af3c chromedriver + 3944252
20  chromedriver                        0x00000001053106f4 chromedriver + 3770100
21  chromedriver                        0x0000000105357980 chromedriver + 4061568
22  chromedriver                        0x0000000105357af8 chromedriver + 4061944
23  chromedriver                        0x00000001053682e4 chromedriver + 4129508
24  libsystem_pthread.dylib             0x000000018acb6034 _pthread_start + 136
25  libsystem_pthread.dylib             0x000000018acb0e3c thread_start + 8

2023-12-29 02:43:57,592 NUMA1 - A timeout occurred on page download: Message: 

2023-12-29 02:45:35,181 KIT - A timeout occurred on page download: Message: 
Stacktrace:
0   chromedriver                        0x00000001053704dc chromedriver + 4162780
1   chromedriver                        0x0000000105368664 chromedriver + 4130404
2   chromedriver                        0x0000000104fbfbc0 chromedriver + 293824
3   chromedriver                        0x0000000104fa80d8 chromedriver + 196824
4   chromedriver                        0x0000000104fa5e84 chromedriver + 188036
5   chromedriver                        0x0000000104fa6b30 chromedriver + 191280
6   chromedriver                        0x0000000104fce5c4 chromedriver + 353732
7   chromedriver                        0x0000000104fc5af0 chromedriver + 318192
8   chromedriver                        0x0000000104fc417c chromedriver + 311676
9   chromedriver                        0x0000000104fc713c chromedriver + 323900
10  chromedriver                        0x0000000104fc7278 chromedriver + 324216
11  chromedriver                        0x0000000105000ca0 chromedriver + 560288
12  chromedriver                        0x0000000104ffb250 chromedriver + 537168
13  chromedriver                        0x0000000105045ab0 chromedriver + 842416
14  chromedriver                        0x0000000104ff96bc chromedriver + 530108
15  chromedriver                        0x0000000104ffa930 chromedriver + 534832
16  chromedriver                        0x0000000105335e08 chromedriver + 3923464
17  chromedriver                        0x000000010533a3dc chromedriver + 3941340
18  chromedriver                        0x000000010531e038 chromedriver + 3825720
19  chromedriver                        0x000000010533af3c chromedriver + 3944252
20  chromedriver                        0x00000001053106f4 chromedriver + 3770100
21  chromedriver                        0x0000000105357980 chromedriver + 4061568
22  chromedriver                        0x0000000105357af8 chromedriver + 4061944
23  chromedriver                        0x00000001053682e4 chromedriver + 4129508
24  libsystem_pthread.dylib             0x000000018acb6034 _pthread_start + 136
25  libsystem_pthread.dylib             0x000000018acb0e3c thread_start + 8

2023-12-29 02:54:01,855 NCOA2 - A timeout occurred on page download: Message: 
Stacktrace:
0   chromedriver                        0x00000001053704dc chromedriver + 4162780
1   chromedriver                        0x0000000105368664 chromedriver + 4130404
2   chromedriver                        0x0000000104fbfbc0 chromedriver + 293824
3   chromedriver                        0x0000000104fa80d8 chromedriver + 196824
4   chromedriver                        0x0000000104fa5e84 chromedriver + 188036
5   chromedriver                        0x0000000104fa6b30 chromedriver + 191280
6   chromedriver                        0x0000000104fce5c4 chromedriver + 353732
7   chromedriver                        0x0000000104fc5af0 chromedriver + 318192
8   chromedriver                        0x0000000104fc417c chromedriver + 311676
9   chromedriver                        0x0000000104fc713c chromedriver + 323900
10  chromedriver                        0x0000000104fc7278 chromedriver + 324216
11  chromedriver                        0x0000000105000ca0 chromedriver + 560288
12  chromedriver                        0x0000000104ffb250 chromedriver + 537168
13  chromedriver                        0x0000000105045ab0 chromedriver + 842416
14  chromedriver                        0x0000000104ff96bc chromedriver + 530108
15  chromedriver                        0x0000000104ffa930 chromedriver + 534832
16  chromedriver                        0x0000000105335e08 chromedriver + 3923464
17  chromedriver                        0x000000010533a3dc chromedriver + 3941340
18  chromedriver                        0x000000010531e038 chromedriver + 3825720
19  chromedriver                        0x000000010533af3c chromedriver + 3944252
20  chromedriver                        0x00000001053106f4 chromedriver + 3770100
21  chromedriver                        0x0000000105357980 chromedriver + 4061568
22  chromedriver                        0x0000000105357af8 chromedriver + 4061944
23  chromedriver                        0x00000001053682e4 chromedriver + 4129508
24  libsystem_pthread.dylib             0x000000018acb6034 _pthread_start + 136
25  libsystem_pthread.dylib             0x000000018acb0e3c thread_start + 8

2023-12-29 03:13:12,925 TP63 - A timeout occurred on page download: Message: 
Stacktrace:
0   chromedriver                        0x00000001053704dc chromedriver + 4162780
1   chromedriver                        0x0000000105368664 chromedriver + 4130404
2   chromedriver                        0x0000000104fbfbc0 chromedriver + 293824
3   chromedriver                        0x0000000104fa80d8 chromedriver + 196824
4   chromedriver                        0x0000000104fa5e84 chromedriver + 188036
5   chromedriver                        0x0000000104fa6b30 chromedriver + 191280
6   chromedriver                        0x0000000104fce5c4 chromedriver + 353732
7   chromedriver                        0x0000000104fc5af0 chromedriver + 318192
8   chromedriver                        0x0000000104fc417c chromedriver + 311676
9   chromedriver                        0x0000000104fc713c chromedriver + 323900
10  chromedriver                        0x0000000104fc7278 chromedriver + 324216
11  chromedriver                        0x0000000105000ca0 chromedriver + 560288
12  chromedriver                        0x0000000104ffb250 chromedriver + 537168
13  chromedriver                        0x0000000105045ab0 chromedriver + 842416
14  chromedriver                        0x0000000104ff96bc chromedriver + 530108
15  chromedriver                        0x0000000104ffa930 chromedriver + 534832
16  chromedriver                        0x0000000105335e08 chromedriver + 3923464
17  chromedriver                        0x000000010533a3dc chromedriver + 3941340
18  chromedriver                        0x000000010531e038 chromedriver + 3825720
19  chromedriver                        0x000000010533af3c chromedriver + 3944252
20  chromedriver                        0x00000001053106f4 chromedriver + 3770100
21  chromedriver                        0x0000000105357980 chromedriver + 4061568
22  chromedriver                        0x0000000105357af8 chromedriver + 4061944
23  chromedriver                        0x00000001053682e4 chromedriver + 4129508
24  libsystem_pthread.dylib             0x000000018acb6034 _pthread_start + 136
25  libsystem_pthread.dylib             0x000000018acb0e3c thread_start + 8

