2023-12-29 01:46:04,342 PTPN13 - A timeout occurred on page download: Message: 
Stacktrace:
0   chromedriver                        0x000000010536c4dc chromedriver + 4162780
1   chromedriver                        0x0000000105364664 chromedriver + 4130404
2   chromedriver                        0x0000000104fbbbc0 chromedriver + 293824
3   chromedriver                        0x0000000104fa40d8 chromedriver + 196824
4   chromedriver                        0x0000000104fa1e84 chromedriver + 188036
5   chromedriver                        0x0000000104fa2b30 chromedriver + 191280
6   chromedriver                        0x0000000104fca5c4 chromedriver + 353732
7   chromedriver                        0x0000000104fc1af0 chromedriver + 318192
8   chromedriver                        0x0000000104fc017c chromedriver + 311676
9   chromedriver                        0x0000000104fc313c chromedriver + 323900
10  chromedriver                        0x0000000104fc3278 chromedriver + 324216
11  chromedriver                        0x0000000104ffcca0 chromedriver + 560288
12  chromedriver                        0x0000000104ff7250 chromedriver + 537168
13  chromedriver                        0x0000000105041ab0 chromedriver + 842416
14  chromedriver                        0x0000000104ff56bc chromedriver + 530108
15  chromedriver                        0x0000000104ff6930 chromedriver + 534832
16  chromedriver                        0x0000000105331e08 chromedriver + 3923464
17  chromedriver                        0x00000001053363dc chromedriver + 3941340
18  chromedriver                        0x000000010531a038 chromedriver + 3825720
19  chromedriver                        0x0000000105336f3c chromedriver + 3944252
20  chromedriver                        0x000000010530c6f4 chromedriver + 3770100
21  chromedriver                        0x0000000105353980 chromedriver + 4061568
22  chromedriver                        0x0000000105353af8 chromedriver + 4061944
23  chromedriver                        0x00000001053642e4 chromedriver + 4129508
24  libsystem_pthread.dylib             0x000000018acb6034 _pthread_start + 136
25  libsystem_pthread.dylib             0x000000018acb0e3c thread_start + 8

2023-12-29 02:22:41,241 CLTC - A timeout occurred on page download: Message: 
Stacktrace:
0   chromedriver                        0x000000010536c4dc chromedriver + 4162780
1   chromedriver                        0x0000000105364664 chromedriver + 4130404
2   chromedriver                        0x0000000104fbbbc0 chromedriver + 293824
3   chromedriver                        0x0000000104fa40d8 chromedriver + 196824
4   chromedriver                        0x0000000104fa1e84 chromedriver + 188036
5   chromedriver                        0x0000000104fa2b30 chromedriver + 191280
6   chromedriver                        0x0000000104fca5c4 chromedriver + 353732
7   chromedriver                        0x0000000104fc1af0 chromedriver + 318192
8   chromedriver                        0x0000000104fc017c chromedriver + 311676
9   chromedriver                        0x0000000104fc313c chromedriver + 323900
10  chromedriver                        0x0000000104fc3278 chromedriver + 324216
11  chromedriver                        0x0000000104ffcca0 chromedriver + 560288
12  chromedriver                        0x0000000104ff7250 chromedriver + 537168
13  chromedriver                        0x0000000105041ab0 chromedriver + 842416
14  chromedriver                        0x0000000104ff56bc chromedriver + 530108
15  chromedriver                        0x0000000104ff6930 chromedriver + 534832
16  chromedriver                        0x0000000105331e08 chromedriver + 3923464
17  chromedriver                        0x00000001053363dc chromedriver + 3941340
18  chromedriver                        0x000000010531a038 chromedriver + 3825720
19  chromedriver                        0x0000000105336f3c chromedriver + 3944252
20  chromedriver                        0x000000010530c6f4 chromedriver + 3770100
21  chromedriver                        0x0000000105353980 chromedriver + 4061568
22  chromedriver                        0x0000000105353af8 chromedriver + 4061944
23  chromedriver                        0x00000001053642e4 chromedriver + 4129508
24  libsystem_pthread.dylib             0x000000018acb6034 _pthread_start + 136
25  libsystem_pthread.dylib             0x000000018acb0e3c thread_start + 8

2023-12-29 02:41:31,580 SLC34A2 - A timeout occurred on page download: Message: 
Stacktrace:
0   chromedriver                        0x000000010536c4dc chromedriver + 4162780
1   chromedriver                        0x0000000105364664 chromedriver + 4130404
2   chromedriver                        0x0000000104fbbbc0 chromedriver + 293824
3   chromedriver                        0x0000000104fa40d8 chromedriver + 196824
4   chromedriver                        0x0000000104fa1e84 chromedriver + 188036
5   chromedriver                        0x0000000104fa2b30 chromedriver + 191280
6   chromedriver                        0x0000000104fca5c4 chromedriver + 353732
7   chromedriver                        0x0000000104fc1af0 chromedriver + 318192
8   chromedriver                        0x0000000104fc017c chromedriver + 311676
9   chromedriver                        0x0000000104fc313c chromedriver + 323900
10  chromedriver                        0x0000000104fc3278 chromedriver + 324216
11  chromedriver                        0x0000000104ffcca0 chromedriver + 560288
12  chromedriver                        0x0000000104ff7250 chromedriver + 537168
13  chromedriver                        0x0000000105041ab0 chromedriver + 842416
14  chromedriver                        0x0000000104ff56bc chromedriver + 530108
15  chromedriver                        0x0000000104ff6930 chromedriver + 534832
16  chromedriver                        0x0000000105331e08 chromedriver + 3923464
17  chromedriver                        0x00000001053363dc chromedriver + 3941340
18  chromedriver                        0x000000010531a038 chromedriver + 3825720
19  chromedriver                        0x0000000105336f3c chromedriver + 3944252
20  chromedriver                        0x000000010530c6f4 chromedriver + 3770100
21  chromedriver                        0x0000000105353980 chromedriver + 4061568
22  chromedriver                        0x0000000105353af8 chromedriver + 4061944
23  chromedriver                        0x00000001053642e4 chromedriver + 4129508
24  libsystem_pthread.dylib             0x000000018acb6034 _pthread_start + 136
25  libsystem_pthread.dylib             0x000000018acb0e3c thread_start + 8

2023-12-29 02:52:10,706 RGS7 - A timeout occurred on page download: Message: 
Stacktrace:
0   chromedriver                        0x000000010536c4dc chromedriver + 4162780
1   chromedriver                        0x0000000105364664 chromedriver + 4130404
2   chromedriver                        0x0000000104fbbbc0 chromedriver + 293824
3   chromedriver                        0x0000000104fa40d8 chromedriver + 196824
4   chromedriver                        0x0000000104fa1e84 chromedriver + 188036
5   chromedriver                        0x0000000104fa2b30 chromedriver + 191280
6   chromedriver                        0x0000000104fca5c4 chromedriver + 353732
7   chromedriver                        0x0000000104fc1af0 chromedriver + 318192
8   chromedriver                        0x0000000104fc017c chromedriver + 311676
9   chromedriver                        0x0000000104fc313c chromedriver + 323900
10  chromedriver                        0x0000000104fc3278 chromedriver + 324216
11  chromedriver                        0x0000000104ffcca0 chromedriver + 560288
12  chromedriver                        0x0000000104ff7250 chromedriver + 537168
13  chromedriver                        0x0000000105041ab0 chromedriver + 842416
14  chromedriver                        0x0000000104ff56bc chromedriver + 530108
15  chromedriver                        0x0000000104ff6930 chromedriver + 534832
16  chromedriver                        0x0000000105331e08 chromedriver + 3923464
17  chromedriver                        0x00000001053363dc chromedriver + 3941340
18  chromedriver                        0x000000010531a038 chromedriver + 3825720
19  chromedriver                        0x0000000105336f3c chromedriver + 3944252
20  chromedriver                        0x000000010530c6f4 chromedriver + 3770100
21  chromedriver                        0x0000000105353980 chromedriver + 4061568
22  chromedriver                        0x0000000105353af8 chromedriver + 4061944
23  chromedriver                        0x00000001053642e4 chromedriver + 4129508
24  libsystem_pthread.dylib             0x000000018acb6034 _pthread_start + 136
25  libsystem_pthread.dylib             0x000000018acb0e3c thread_start + 8

2023-12-29 02:53:42,119 FLNA - A timeout occurred on page download: Message: 
Stacktrace:
0   chromedriver                        0x000000010536c4dc chromedriver + 4162780
1   chromedriver                        0x0000000105364664 chromedriver + 4130404
2   chromedriver                        0x0000000104fbbbc0 chromedriver + 293824
3   chromedriver                        0x0000000104fa40d8 chromedriver + 196824
4   chromedriver                        0x0000000104fa1e84 chromedriver + 188036
5   chromedriver                        0x0000000104fa2b30 chromedriver + 191280
6   chromedriver                        0x0000000104fca5c4 chromedriver + 353732
7   chromedriver                        0x0000000104fc1af0 chromedriver + 318192
8   chromedriver                        0x0000000104fc017c chromedriver + 311676
9   chromedriver                        0x0000000104fc313c chromedriver + 323900
10  chromedriver                        0x0000000104fc3278 chromedriver + 324216
11  chromedriver                        0x0000000104ffcca0 chromedriver + 560288
12  chromedriver                        0x0000000104ff7250 chromedriver + 537168
13  chromedriver                        0x0000000105041ab0 chromedriver + 842416
14  chromedriver                        0x0000000104ff56bc chromedriver + 530108
15  chromedriver                        0x0000000104ff6930 chromedriver + 534832
16  chromedriver                        0x0000000105331e08 chromedriver + 3923464
17  chromedriver                        0x00000001053363dc chromedriver + 3941340
18  chromedriver                        0x000000010531a038 chromedriver + 3825720
19  chromedriver                        0x0000000105336f3c chromedriver + 3944252
20  chromedriver                        0x000000010530c6f4 chromedriver + 3770100
21  chromedriver                        0x0000000105353980 chromedriver + 4061568
22  chromedriver                        0x0000000105353af8 chromedriver + 4061944
23  chromedriver                        0x00000001053642e4 chromedriver + 4129508
24  libsystem_pthread.dylib             0x000000018acb6034 _pthread_start + 136
25  libsystem_pthread.dylib             0x000000018acb0e3c thread_start + 8

2023-12-29 02:57:32,222 BRD4 - A timeout occurred on page download: Message: 
Stacktrace:
0   chromedriver                        0x000000010536c4dc chromedriver + 4162780
1   chromedriver                        0x0000000105364664 chromedriver + 4130404
2   chromedriver                        0x0000000104fbbbc0 chromedriver + 293824
3   chromedriver                        0x0000000104fa40d8 chromedriver + 196824
4   chromedriver                        0x0000000104fa1e84 chromedriver + 188036
5   chromedriver                        0x0000000104fa2b30 chromedriver + 191280
6   chromedriver                        0x0000000104fca5c4 chromedriver + 353732
7   chromedriver                        0x0000000104fc1af0 chromedriver + 318192
8   chromedriver                        0x0000000104fc017c chromedriver + 311676
9   chromedriver                        0x0000000104fc313c chromedriver + 323900
10  chromedriver                        0x0000000104fc3278 chromedriver + 324216
11  chromedriver                        0x0000000104ffcca0 chromedriver + 560288
12  chromedriver                        0x0000000104ff7250 chromedriver + 537168
13  chromedriver                        0x0000000105041ab0 chromedriver + 842416
14  chromedriver                        0x0000000104ff56bc chromedriver + 530108
15  chromedriver                        0x0000000104ff6930 chromedriver + 534832
16  chromedriver                        0x0000000105331e08 chromedriver + 3923464
17  chromedriver                        0x00000001053363dc chromedriver + 3941340
18  chromedriver                        0x000000010531a038 chromedriver + 3825720
19  chromedriver                        0x0000000105336f3c chromedriver + 3944252
20  chromedriver                        0x000000010530c6f4 chromedriver + 3770100
21  chromedriver                        0x0000000105353980 chromedriver + 4061568
22  chromedriver                        0x0000000105353af8 chromedriver + 4061944
23  chromedriver                        0x00000001053642e4 chromedriver + 4129508
24  libsystem_pthread.dylib             0x000000018acb6034 _pthread_start + 136
25  libsystem_pthread.dylib             0x000000018acb0e3c thread_start + 8

2023-12-29 02:59:50,065 WT1 - A timeout occurred on page download: Message: 
Stacktrace:
0   chromedriver                        0x000000010536c4dc chromedriver + 4162780
1   chromedriver                        0x0000000105364664 chromedriver + 4130404
2   chromedriver                        0x0000000104fbbbc0 chromedriver + 293824
3   chromedriver                        0x0000000104fa40d8 chromedriver + 196824
4   chromedriver                        0x0000000104fa1e84 chromedriver + 188036
5   chromedriver                        0x0000000104fa2b30 chromedriver + 191280
6   chromedriver                        0x0000000104fca5c4 chromedriver + 353732
7   chromedriver                        0x0000000104fc1af0 chromedriver + 318192
8   chromedriver                        0x0000000104fc017c chromedriver + 311676
9   chromedriver                        0x0000000104fc313c chromedriver + 323900
10  chromedriver                        0x0000000104fc3278 chromedriver + 324216
11  chromedriver                        0x0000000104ffcca0 chromedriver + 560288
12  chromedriver                        0x0000000104ff7250 chromedriver + 537168
13  chromedriver                        0x0000000105041ab0 chromedriver + 842416
14  chromedriver                        0x0000000104ff56bc chromedriver + 530108
15  chromedriver                        0x0000000104ff6930 chromedriver + 534832
16  chromedriver                        0x0000000105331e08 chromedriver + 3923464
17  chromedriver                        0x00000001053363dc chromedriver + 3941340
18  chromedriver                        0x000000010531a038 chromedriver + 3825720
19  chromedriver                        0x0000000105336f3c chromedriver + 3944252
20  chromedriver                        0x000000010530c6f4 chromedriver + 3770100
21  chromedriver                        0x0000000105353980 chromedriver + 4061568
22  chromedriver                        0x0000000105353af8 chromedriver + 4061944
23  chromedriver                        0x00000001053642e4 chromedriver + 4129508
24  libsystem_pthread.dylib             0x000000018acb6034 _pthread_start + 136
25  libsystem_pthread.dylib             0x000000018acb0e3c thread_start + 8

2023-12-29 03:03:13,257 ERCC4 - A timeout occurred on page download: Message: 
Stacktrace:
0   chromedriver                        0x000000010536c4dc chromedriver + 4162780
1   chromedriver                        0x0000000105364664 chromedriver + 4130404
2   chromedriver                        0x0000000104fbbbc0 chromedriver + 293824
3   chromedriver                        0x0000000104fa40d8 chromedriver + 196824
4   chromedriver                        0x0000000104fa1e84 chromedriver + 188036
5   chromedriver                        0x0000000104fa2b30 chromedriver + 191280
6   chromedriver                        0x0000000104fca5c4 chromedriver + 353732
7   chromedriver                        0x0000000104fc1af0 chromedriver + 318192
8   chromedriver                        0x0000000104fc017c chromedriver + 311676
9   chromedriver                        0x0000000104fc313c chromedriver + 323900
10  chromedriver                        0x0000000104fc3278 chromedriver + 324216
11  chromedriver                        0x0000000104ffcca0 chromedriver + 560288
12  chromedriver                        0x0000000104ff7250 chromedriver + 537168
13  chromedriver                        0x0000000105041ab0 chromedriver + 842416
14  chromedriver                        0x0000000104ff56bc chromedriver + 530108
15  chromedriver                        0x0000000104ff6930 chromedriver + 534832
16  chromedriver                        0x0000000105331e08 chromedriver + 3923464
17  chromedriver                        0x00000001053363dc chromedriver + 3941340
18  chromedriver                        0x000000010531a038 chromedriver + 3825720
19  chromedriver                        0x0000000105336f3c chromedriver + 3944252
20  chromedriver                        0x000000010530c6f4 chromedriver + 3770100
21  chromedriver                        0x0000000105353980 chromedriver + 4061568
22  chromedriver                        0x0000000105353af8 chromedriver + 4061944
23  chromedriver                        0x00000001053642e4 chromedriver + 4129508
24  libsystem_pthread.dylib             0x000000018acb6034 _pthread_start + 136
25  libsystem_pthread.dylib             0x000000018acb0e3c thread_start + 8

2023-12-29 03:09:28,139 CLTCL1 - A timeout occurred on page download: Message: 
Stacktrace:
0   chromedriver                        0x000000010536c4dc chromedriver + 4162780
1   chromedriver                        0x0000000105364664 chromedriver + 4130404
2   chromedriver                        0x0000000104fbbbc0 chromedriver + 293824
3   chromedriver                        0x0000000104fa40d8 chromedriver + 196824
4   chromedriver                        0x0000000104fa1e84 chromedriver + 188036
5   chromedriver                        0x0000000104fa2b30 chromedriver + 191280
6   chromedriver                        0x0000000104fca5c4 chromedriver + 353732
7   chromedriver                        0x0000000104fc1af0 chromedriver + 318192
8   chromedriver                        0x0000000104fc017c chromedriver + 311676
9   chromedriver                        0x0000000104fc313c chromedriver + 323900
10  chromedriver                        0x0000000104fc3278 chromedriver + 324216
11  chromedriver                        0x0000000104ffcca0 chromedriver + 560288
12  chromedriver                        0x0000000104ff7250 chromedriver + 537168
13  chromedriver                        0x0000000105041ab0 chromedriver + 842416
14  chromedriver                        0x0000000104ff56bc chromedriver + 530108
15  chromedriver                        0x0000000104ff6930 chromedriver + 534832
16  chromedriver                        0x0000000105331e08 chromedriver + 3923464
17  chromedriver                        0x00000001053363dc chromedriver + 3941340
18  chromedriver                        0x000000010531a038 chromedriver + 3825720
19  chromedriver                        0x0000000105336f3c chromedriver + 3944252
20  chromedriver                        0x000000010530c6f4 chromedriver + 3770100
21  chromedriver                        0x0000000105353980 chromedriver + 4061568
22  chromedriver                        0x0000000105353af8 chromedriver + 4061944
23  chromedriver                        0x00000001053642e4 chromedriver + 4129508
24  libsystem_pthread.dylib             0x000000018acb6034 _pthread_start + 136
25  libsystem_pthread.dylib             0x000000018acb0e3c thread_start + 8

